Log file open, 02/05/22 19:14:24
LogWindows: Failed to load 'aqProf.dll' (GetLastError=126)
LogWindows: File 'aqProf.dll' does not exist
LogWindows: Failed to load 'VtuneApi.dll' (GetLastError=126)
LogWindows: File 'VtuneApi.dll' does not exist
LogWindows: Failed to load 'VtuneApi32e.dll' (GetLastError=126)
LogWindows: File 'VtuneApi32e.dll' does not exist
LogConsoleResponse: Display: Failed to find resolution value strings in scalability ini. Falling back to default.
LogConsoleResponse: Display: Failed to find resolution value strings in scalability ini. Falling back to default.
LogPakFile: Display: Found Pak file ../../../ShooterGameASD/Content/Paks/ShooterGameASD-WindowsNoEditor.pak attempting to mount.
LogPakFile: Display: Mounting pak file ../../../ShooterGameASD/Content/Paks/ShooterGameASD-WindowsNoEditor.pak.
LogPakFile: PakFile PrimaryIndexSize=77264
LogPakFile: PakFile PathHashIndexSize=71600
LogPakFile: PakFile FullDirectoryIndexSize=128672
LogShaderLibrary: Display: ShaderCodeLibraryPakFileMountedCallback: PakFile '../../../ShooterGameASD/Content/Paks/ShooterGameASD-WindowsNoEditor.pak' (chunk index -1, root '../../../') mounted
LogShaderLibrary: Display: ShaderCodeLibraryPakFileMountedCallback: pending pak file info (ChunkID:-1 Root:../../../ File:../../../ShooterGameASD/Content/Paks/ShooterGameASD-WindowsNoEditor.pak)
LogPakFile: OnPakFileMounted2Time == 0.000069
LogPlatformFile: Not using cached read wrapper
LogTaskGraph: Started task graph with 5 named threads and 23 total threads with 3 sets of task threads.
LogStats: Stats thread started at 0.142255
LogICUInternationalization: ICU TimeZone Detection - Raw Offset: -4:00, Platform Override: ''
LogInit: Display: Loading text-based GConfig....
LogPluginManager: Mounting plugin PlatformCrypto
LogPluginManager: Mounting plugin AESHandlerComponent
LogPluginManager: Mounting plugin OnlineSubsystem
LogPluginManager: Mounting plugin OnlineSubsystemUtils
LogPluginManager: Mounting plugin OnlineSubsystemEOS
LogPluginManager: Mounting plugin EOSShared
LogPluginManager: Mounting plugin EOSVoiceChat
LogPluginManager: Mounting plugin OnlineSubsystemSteam
LogPluginManager: Mounting plugin SteamShared
LogPluginManager: Mounting plugin OnlineSubsystemNull
LogPluginManager: Mounting plugin SteamController
LogPluginManager: Mounting plugin ReplicationGraph
LogPluginManager: Mounting plugin Gauntlet
LogPluginManager: Mounting plugin Synthesis
LogPluginManager: Mounting plugin AudioSynesthesia
LogPluginManager: Mounting plugin GameplayCameras
LogPluginManager: Mounting plugin TemplateSequence
LogPluginManager: Mounting plugin LevelSequenceEditor
LogPluginManager: Mounting plugin Reflex
LogPluginManager: Mounting plugin Paper2D
LogPluginManager: Mounting plugin AISupport
LogPluginManager: Mounting plugin EnvironmentQueryEditor
LogPluginManager: Mounting plugin LightPropagationVolume
LogPluginManager: Mounting plugin CameraShakePreviewer
LogPluginManager: Mounting plugin OodleData
LogPluginManager: Mounting plugin OodleNetwork
LogPluginManager: Mounting plugin AnimationSharing
LogPluginManager: Mounting plugin SignificanceManager
LogPluginManager: Mounting plugin PixWinPlugin
LogPluginManager: Mounting plugin PluginUtils
LogPluginManager: Mounting plugin PropertyAccessEditor
LogPluginManager: Mounting plugin UObjectPlugin
LogPluginManager: Mounting plugin AssetManagerEditor
LogPluginManager: Mounting plugin FacialAnimation
LogPluginManager: Mounting plugin GeometryMode
LogPluginManager: Mounting plugin SpeedTreeImporter
LogPluginManager: Mounting plugin DatasmithContent
LogPluginManager: Mounting plugin VariantManagerContent
LogPluginManager: Mounting plugin AlembicImporter
LogPluginManager: Mounting plugin GeometryCache
LogPluginManager: Mounting plugin AutomationUtils
LogPluginManager: Mounting plugin ScreenshotTools
LogPluginManager: Mounting plugin BackChannel
LogPluginManager: Mounting plugin ChaosClothEditor
LogPluginManager: Mounting plugin ChaosCloth
LogPluginManager: Mounting plugin ChaosEditor
LogPluginManager: Mounting plugin PlanarCut
LogPluginManager: Mounting plugin GeometryProcessing
LogPluginManager: Mounting plugin EditableMesh
LogPluginManager: Mounting plugin GeometryCollectionPlugin
LogPluginManager: Mounting plugin ProceduralMeshComponent
LogPluginManager: Mounting plugin ChaosSolverPlugin
LogPluginManager: Mounting plugin ChaosNiagara
LogPluginManager: Mounting plugin Niagara
LogPluginManager: Mounting plugin PythonScriptPlugin
LogPluginManager: Mounting plugin CharacterAI
LogPluginManager: Mounting plugin MotoSynth
LogPluginManager: Mounting plugin OpenImageDenoise
LogPluginManager: Mounting plugin MagicLeapPassableWorld
LogPluginManager: Mounting plugin MagicLeap
LogPluginManager: Mounting plugin MLSDK
LogPluginManager: Mounting plugin MagicLeapLightEstimation
LogPluginManager: Mounting plugin AvfMedia
LogPluginManager: Mounting plugin ImgMedia
LogPluginManager: Mounting plugin MediaCompositing
LogPluginManager: Mounting plugin WmfMedia
LogPluginManager: Mounting plugin MegascansPlugin
LogPluginManager: Mounting plugin EditorScriptingUtilities
LogPluginManager: Mounting plugin SQLiteSupport
LogPluginManager: Mounting plugin DatabaseSupport
LogPluginManager: Mounting plugin SQLiteCore
LogPluginManager: Mounting plugin MeshPainting
LogPluginManager: Mounting plugin TcpMessaging
LogPluginManager: Mounting plugin UdpMessaging
LogPluginManager: Mounting plugin ActorSequence
LogPluginManager: Mounting plugin MatineeToLevelSequence
LogPluginManager: Mounting plugin LauncherChunkInstaller
LogPluginManager: Mounting plugin ActorLayerUtilities
LogPluginManager: Mounting plugin AndroidPermission
LogPluginManager: Mounting plugin AppleImageUtils
LogPluginManager: Mounting plugin ArchVisCharacter
LogPluginManager: Mounting plugin AssetTags
LogPluginManager: Mounting plugin AudioCapture
LogPluginManager: Mounting plugin CableComponent
LogPluginManager: Mounting plugin ChunkDownloader
LogPluginManager: Mounting plugin CustomMeshComponent
LogPluginManager: Mounting plugin ExampleDeviceProfileSelector
LogPluginManager: Mounting plugin GooglePAD
LogPluginManager: Mounting plugin LocationServicesBPLibrary
LogPluginManager: Mounting plugin MobilePatchingUtils
LogPluginManager: Mounting plugin PhysXVehicles
LogPluginManager: Mounting plugin RuntimePhysXCooking
LogPluginManager: Mounting plugin SoundFields
LogPluginManager: Mounting plugin WebMMoviePlayer
LogPluginManager: Mounting plugin WebMMedia
LogPluginManager: Mounting plugin WindowsMoviePlayer
LogInit: Using libcurl 7.55.1-DEV
LogInit:  - built for x86_64-pc-win32
LogInit:  - supports SSL with OpenSSL/1.1.1
LogInit:  - supports HTTP deflate (compression) using libz 1.2.8
LogInit:  - other features:
LogInit:      CURL_VERSION_SSL
LogInit:      CURL_VERSION_LIBZ
LogInit:      CURL_VERSION_IPV6
LogInit:      CURL_VERSION_ASYNCHDNS
LogInit:      CURL_VERSION_LARGEFILE
LogInit:      CURL_VERSION_IDN
LogInit:  CurlRequestOptions (configurable via config and command line):
LogInit:  - bVerifyPeer = true  - Libcurl will verify peer certificate
LogInit:  - bUseHttpProxy = false  - Libcurl will NOT use HTTP proxy
LogInit:  - bDontReuseConnections = false  - Libcurl will reuse connections
LogInit:  - MaxHostConnections = 16  - Libcurl will limit the number of connections to a host
LogInit:  - LocalHostAddr = Default
LogInit:  - BufferSize = 65536
LogSteamShared: Display: Loading Steam SDK 1.51
LogSteamShared: Steam SDK Loaded!
LogOnline: OSS: Creating online subsystem instance for: Steam
LogOnline: Verbose: STEAM: Steam: Starting SteamWorks. Client [1] Server [0]
LogSteamShared: Warning: SteamAPI failed to initialize, conditions not met.
LogOnline: Warning: STEAM: Steamworks: SteamUtils() failed!
LogOnline: Warning: STEAM: Steamworks: SteamUser() failed!
LogOnline: Warning: STEAM: Steamworks: SteamFriends() failed!
LogOnline: Warning: STEAM: Steamworks: SteamRemoteStorage() failed!
LogOnline: Warning: STEAM: Steamworks: SteamUserStats() failed!
LogOnline: Warning: STEAM: Steamworks: SteamMatchmakingServers() failed!
LogOnline: Warning: STEAM: Steamworks: SteamApps() failed!
LogOnline: Warning: STEAM: Steamworks: SteamNetworking() failed!
LogOnline: Warning: STEAM: Steamworks: SteamMatchmaking() failed!
LogOnline: STEAM: [AppId: 0] Client API initialized 0
LogOnline: Display: STEAM: OnlineSubsystemSteam::Shutdown()
LogOnline: Warning: STEAM: Steam API failed to initialize!
LogOnline: Display: STEAM: OnlineSubsystemSteam::Shutdown()
LogOnline: OSS: Unable to create OnlineSubsystem module Steam
LogOnline: OSS: Creating online subsystem instance for: NULL
LogOnline: Verbose: OSS: Created thread (ID:23052).
LogInit: WinSock: version 1.1 (2.2), MaxSocks=32767, MaxUdp=65467
LogOnline: OSS: TryLoadSubsystemAndSetDefault: Loaded subsystem for module [NULL]
PixWinPlugin: PIX capture plugin failed to initialize! Check that the process is launched from PIX.
LogLuminAPIImpl: Warning: MLSDK not found.  This likely means the MLSDK environment variable is not set.
LogInit: Build: ++UE4+Release-4.27-CL-18319896
LogInit: Engine Version: 4.27.2-18319896+++UE4+Release-4.27
LogInit: Compatible Engine Version: 4.27.0-17155196+++UE4+Release-4.27
LogInit: Net CL: 17155196
LogInit: OS: Windows 10 (Release 2009) (), CPU: Intel(R) Core(TM) i7-6700 CPU @ 3.40GHz, GPU: NVIDIA GeForce GTX 1050 Ti
LogInit: Compiled (64-bit): Nov 30 2021 07:26:28
LogInit: Compiled with Visual C++: 19.16.27032.01
LogInit: Build Configuration: DebugGame
LogInit: Branch Name: ++UE4+Release-4.27
LogInit: Command Line: 
LogInit: Base Directory: F:/Projects/BlackIce/ShooterGameASD/Builds/WindowsNoEditor/ShooterGameASD/Binaries/Win64/
LogInit: Allocator: binned2
LogInit: Installed Engine Build: 0
LogDevObjectVersion: Number of dev versions registered: 29
LogDevObjectVersion:   Dev-Blueprints (B0D832E4-1F89-4F0D-ACCF-7EB736FD4AA2): 10
LogDevObjectVersion:   Dev-Build (E1C64328-A22C-4D53-A36C-8E866417BD8C): 0
LogDevObjectVersion:   Dev-Core (375EC13C-06E4-48FB-B500-84F0262A717E): 4
LogDevObjectVersion:   Dev-Editor (E4B068ED-F494-42E9-A231-DA0B2E46BB41): 40
LogDevObjectVersion:   Dev-Framework (CFFC743F-43B0-4480-9391-14DF171D2073): 37
LogDevObjectVersion:   Dev-Mobile (B02B49B5-BB20-44E9-A304-32B752E40360): 3
LogDevObjectVersion:   Dev-Networking (A4E4105C-59A1-49B5-A7C5-40C4547EDFEE): 0
LogDevObjectVersion:   Dev-Online (39C831C9-5AE6-47DC-9A44-9C173E1C8E7C): 0
LogDevObjectVersion:   Dev-Physics (78F01B33-EBEA-4F98-B9B4-84EACCB95AA2): 14
LogDevObjectVersion:   Dev-Platform (6631380F-2D4D-43E0-8009-CF276956A95A): 0
LogDevObjectVersion:   Dev-Rendering (12F88B9F-8875-4AFC-A67C-D90C383ABD29): 45
LogDevObjectVersion:   Dev-Sequencer (7B5AE74C-D270-4C10-A958-57980B212A5A): 13
LogDevObjectVersion:   Dev-VR (D7296918-1DD6-4BDD-9DE2-64A83CC13884): 3
LogDevObjectVersion:   Dev-LoadTimes (C2A15278-BFE7-4AFE-6C17-90FF531DF755): 1
LogDevObjectVersion:   Private-Geometry (6EACA3D4-40EC-4CC1-B786-8BED09428FC5): 3
LogDevObjectVersion:   Dev-AnimPhys (29E575DD-E0A3-4627-9D10-D276232CDCEA): 17
LogDevObjectVersion:   Dev-Anim (AF43A65D-7FD3-4947-9873-3E8ED9C1BB05): 15
LogDevObjectVersion:   Dev-ReflectionCapture (6B266CEC-1EC7-4B8F-A30B-E4D90942FC07): 1
LogDevObjectVersion:   Dev-Automation (0DF73D61-A23F-47EA-B727-89E90C41499A): 1
LogDevObjectVersion:   FortniteMain (601D1886-AC64-4F84-AA16-D3DE0DEAC7D6): 47
LogDevObjectVersion:   FortniteRelease (E7086368-6B23-4C58-8439-1B7016265E91): 1
LogDevObjectVersion:   Dev-Enterprise (9DFFBCD6-494F-0158-E221-12823C92A888): 10
LogDevObjectVersion:   Dev-Niagara (F2AED0AC-9AFE-416F-8664-AA7FFA26D6FC): 1
LogDevObjectVersion:   Dev-Destruction (174F1F0B-B4C6-45A5-B13F-2EE8D0FB917D): 10
LogDevObjectVersion:   Dev-Physics-Ext (35F94A83-E258-406C-A318-09F59610247C): 41
LogDevObjectVersion:   Dev-PhysicsMaterial-Chaos (B68FC16E-8B1B-42E2-B453-215C058844FE): 1
LogDevObjectVersion:   Dev-CineCamera (B2E18506-4273-CFC2-A54E-F4BB758BBA07): 1
LogDevObjectVersion:   Dev-VirtualProduction (64F58936-FD1B-42BA-BA96-7289D5D0FA4E): 1
LogDevObjectVersion:   Dev-MediaFramework (6F0ED827-A609-4895-9C91-998D90180EA4): 2
LogInit: Presizing for max 2097152 objects, including 50000 objects not considered by GC, pre-allocating 6900000 bytes for permanent pool.
LogConfig: Applying CVar settings from Section [/Script/Engine.StreamingSettings] File [../../../ShooterGameASD/Saved/Config/WindowsNoEditor/Engine.ini]
LogConfig: Setting CVar [[s.MinBulkDataSizeForAsyncLoading:131072]]
LogConfig: Setting CVar [[s.AsyncLoadingThreadEnabled:1]]
LogConfig: Setting CVar [[s.EventDrivenLoaderEnabled:1]]
LogConfig: Setting CVar [[s.WarnIfTimeLimitExceeded:0]]
LogConfig: Setting CVar [[s.TimeLimitExceededMultiplier:1.5]]
LogConfig: Setting CVar [[s.TimeLimitExceededMinTime:0.005]]
LogConfig: Setting CVar [[s.UseBackgroundLevelStreaming:1]]
LogConfig: Setting CVar [[s.PriorityAsyncLoadingExtraTime:15.0]]
LogConfig: Setting CVar [[s.LevelStreamingActorsUpdateTimeLimit:5.0]]
LogConfig: Setting CVar [[s.PriorityLevelStreamingActorsUpdateExtraTime:5.0]]
LogConfig: Setting CVar [[s.LevelStreamingComponentsRegistrationGranularity:10]]
LogConfig: Setting CVar [[s.UnregisterComponentsTimeLimit:1.0]]
LogConfig: Setting CVar [[s.LevelStreamingComponentsUnregistrationGranularity:5]]
LogConfig: Setting CVar [[s.FlushStreamingOnExit:1]]
LogConfig: Setting CVar [[s.ProcessPrestreamingRequests:1]]
LogStreaming: Display: Async Loading initialized: Event Driven Loader: true, Async Loading Thread: true, Async Post Load: true
LogInit: Object subsystem initialized
LogConfig: Setting CVar [[con.DebugEarlyDefault:1]]
LogConfig: Setting CVar [[r.setres:1280x720]]
LogConfig: Setting CVar [[fx.NiagaraAllowRuntimeScalabilityChanges:1]]
[2022.02.05-22.14.25:711][  0]LogConfig: Setting CVar [[con.DebugEarlyDefault:1]]
[2022.02.05-22.14.25:711][  0]LogConfig: Setting CVar [[r.setres:1280x720]]
[2022.02.05-22.14.25:712][  0]LogConfig: Setting CVar [[fx.NiagaraAllowRuntimeScalabilityChanges:1]]
[2022.02.05-22.14.25:712][  0]LogConfig: Applying CVar settings from Section [/Script/Engine.RendererSettings] File [../../../ShooterGameASD/Saved/Config/WindowsNoEditor/Engine.ini]
[2022.02.05-22.14.25:712][  0]LogConfig: Setting CVar [[r.GPUCrashDebugging:0]]
[2022.02.05-22.14.25:712][  0]LogConfig: Setting CVar [[r.TonemapperFilm:0]]
[2022.02.05-22.14.25:712][  0]LogConfig: Applying CVar settings from Section [/Script/Engine.RendererOverrideSettings] File [../../../ShooterGameASD/Saved/Config/WindowsNoEditor/Engine.ini]
[2022.02.05-22.14.25:712][  0]LogConfig: Applying CVar settings from Section [/Script/Engine.StreamingSettings] File [../../../ShooterGameASD/Saved/Config/WindowsNoEditor/Engine.ini]
[2022.02.05-22.14.25:712][  0]LogConfig: Setting CVar [[s.MinBulkDataSizeForAsyncLoading:131072]]
[2022.02.05-22.14.25:712][  0]LogConfig: Setting CVar [[s.AsyncLoadingThreadEnabled:1]]
[2022.02.05-22.14.25:712][  0]LogConfig: Setting CVar [[s.EventDrivenLoaderEnabled:1]]
[2022.02.05-22.14.25:712][  0]LogConfig: Setting CVar [[s.WarnIfTimeLimitExceeded:0]]
[2022.02.05-22.14.25:712][  0]LogConfig: Setting CVar [[s.TimeLimitExceededMultiplier:1.5]]
[2022.02.05-22.14.25:712][  0]LogConfig: Setting CVar [[s.TimeLimitExceededMinTime:0.005]]
[2022.02.05-22.14.25:712][  0]LogConfig: Setting CVar [[s.UseBackgroundLevelStreaming:1]]
[2022.02.05-22.14.25:712][  0]LogConfig: Setting CVar [[s.PriorityAsyncLoadingExtraTime:15.0]]
[2022.02.05-22.14.25:712][  0]LogConfig: Setting CVar [[s.LevelStreamingActorsUpdateTimeLimit:5.0]]
[2022.02.05-22.14.25:712][  0]LogConfig: Setting CVar [[s.PriorityLevelStreamingActorsUpdateExtraTime:5.0]]
[2022.02.05-22.14.25:712][  0]LogConfig: Setting CVar [[s.LevelStreamingComponentsRegistrationGranularity:10]]
[2022.02.05-22.14.25:712][  0]LogConfig: Setting CVar [[s.UnregisterComponentsTimeLimit:1.0]]
[2022.02.05-22.14.25:712][  0]LogConfig: Setting CVar [[s.LevelStreamingComponentsUnregistrationGranularity:5]]
[2022.02.05-22.14.25:712][  0]LogConfig: Setting CVar [[s.FlushStreamingOnExit:1]]
[2022.02.05-22.14.25:712][  0]LogConfig: Setting CVar [[s.ProcessPrestreamingRequests:1]]
[2022.02.05-22.14.25:712][  0]LogConfig: Applying CVar settings from Section [/Script/Engine.GarbageCollectionSettings] File [../../../ShooterGameASD/Saved/Config/WindowsNoEditor/Engine.ini]
[2022.02.05-22.14.25:712][  0]LogConfig: Setting CVar [[gc.MaxObjectsNotConsideredByGC:50000]]
[2022.02.05-22.14.25:712][  0]LogConfig: Setting CVar [[gc.SizeOfPermanentObjectPool:6900000]]
[2022.02.05-22.14.25:712][  0]LogConfig: Setting CVar [[gc.FlushStreamingOnGC:0]]
[2022.02.05-22.14.25:712][  0]LogConfig: Setting CVar [[gc.NumRetriesBeforeForcingGC:10]]
[2022.02.05-22.14.25:712][  0]LogConfig: Setting CVar [[gc.AllowParallelGC:1]]
[2022.02.05-22.14.25:712][  0]LogConfig: Setting CVar [[gc.TimeBetweenPurgingPendingKillObjects:61.1]]
[2022.02.05-22.14.25:712][  0]LogConfig: Setting CVar [[gc.MaxObjectsInEditor:25165824]]
[2022.02.05-22.14.25:712][  0]LogConfig: Setting CVar [[gc.IncrementalBeginDestroyEnabled:1]]
[2022.02.05-22.14.25:712][  0]LogConfig: Setting CVar [[gc.CreateGCClusters:1]]
[2022.02.05-22.14.25:712][  0]LogConfig: Setting CVar [[gc.MinGCClusterSize:5]]
[2022.02.05-22.14.25:712][  0]LogConfig: Setting CVar [[gc.ActorClusteringEnabled:1]]
[2022.02.05-22.14.25:712][  0]LogConfig: Setting CVar [[gc.BlueprintClusteringEnabled:1]]
[2022.02.05-22.14.25:712][  0]LogConfig: Setting CVar [[gc.UseDisregardForGCOnDedicatedServers:0]]
[2022.02.05-22.14.25:712][  0]LogConfig: Setting CVar [[gc.MultithreadedDestructionEnabled:1]]
[2022.02.05-22.14.25:712][  0]LogConfig: Applying CVar settings from Section [/Script/Engine.NetworkSettings] File [../../../ShooterGameASD/Saved/Config/WindowsNoEditor/Engine.ini]
[2022.02.05-22.14.25:736][  0]LogConfig: Applying CVar settings from Section [ViewDistanceQuality@3] File [../../../ShooterGameASD/Saved/Config/WindowsNoEditor/Scalability.ini]
[2022.02.05-22.14.25:736][  0]LogConfig: Setting CVar [[r.SkeletalMeshLODBias:0]]
[2022.02.05-22.14.25:736][  0]LogConfig: Setting CVar [[r.ViewDistanceScale:1.0]]
[2022.02.05-22.14.25:736][  0]LogConfig: Applying CVar settings from Section [AntiAliasingQuality@3] File [../../../ShooterGameASD/Saved/Config/WindowsNoEditor/Scalability.ini]
[2022.02.05-22.14.25:736][  0]LogConfig: Setting CVar [[r.PostProcessAAQuality:4]]
[2022.02.05-22.14.25:736][  0]LogConfig: Applying CVar settings from Section [ShadowQuality@3] File [../../../ShooterGameASD/Saved/Config/WindowsNoEditor/Scalability.ini]
[2022.02.05-22.14.25:736][  0]LogConfig: Setting CVar [[r.LightFunctionQuality:1]]
[2022.02.05-22.14.25:736][  0]LogConfig: Setting CVar [[r.ShadowQuality:5]]
[2022.02.05-22.14.25:736][  0]LogConfig: Setting CVar [[r.Shadow.CSM.MaxCascades:10]]
[2022.02.05-22.14.25:736][  0]LogConfig: Setting CVar [[r.Shadow.MaxResolution:2048]]
[2022.02.05-22.14.25:736][  0]LogConfig: Setting CVar [[r.Shadow.MaxCSMResolution:2048]]
[2022.02.05-22.14.25:736][  0]LogConfig: Setting CVar [[r.Shadow.RadiusThreshold:0.01]]
[2022.02.05-22.14.25:736][  0]LogConfig: Setting CVar [[r.Shadow.DistanceScale:1.0]]
[2022.02.05-22.14.25:736][  0]LogConfig: Setting CVar [[r.Shadow.CSM.TransitionScale:1.0]]
[2022.02.05-22.14.25:736][  0]LogConfig: Setting CVar [[r.Shadow.PreShadowResolutionFactor:1.0]]
[2022.02.05-22.14.25:736][  0]LogConfig: Setting CVar [[r.DistanceFieldShadowing:1]]
[2022.02.05-22.14.25:736][  0]LogConfig: Setting CVar [[r.DistanceFieldAO:1]]
[2022.02.05-22.14.25:736][  0]LogConfig: Setting CVar [[r.AOQuality:2]]
[2022.02.05-22.14.25:736][  0]LogConfig: Setting CVar [[r.VolumetricFog:1]]
[2022.02.05-22.14.25:736][  0]LogConfig: Setting CVar [[r.VolumetricFog.GridPixelSize:8]]
[2022.02.05-22.14.25:736][  0]LogConfig: Setting CVar [[r.VolumetricFog.GridSizeZ:128]]
[2022.02.05-22.14.25:736][  0]LogConfig: Setting CVar [[r.VolumetricFog.HistoryMissSupersampleCount:4]]
[2022.02.05-22.14.25:736][  0]LogConfig: Setting CVar [[r.LightMaxDrawDistanceScale:1]]
[2022.02.05-22.14.25:736][  0]LogConfig: Setting CVar [[r.CapsuleShadows:1]]
[2022.02.05-22.14.25:736][  0]LogConfig: Applying CVar settings from Section [PostProcessQuality@3] File [../../../ShooterGameASD/Saved/Config/WindowsNoEditor/Scalability.ini]
[2022.02.05-22.14.25:736][  0]LogConfig: Setting CVar [[r.MotionBlurQuality:4]]
[2022.02.05-22.14.25:736][  0]LogConfig: Setting CVar [[r.AmbientOcclusionMipLevelFactor:0.4]]
[2022.02.05-22.14.25:736][  0]LogConfig: Setting CVar [[r.AmbientOcclusionMaxQuality:100]]
[2022.02.05-22.14.25:736][  0]LogConfig: Setting CVar [[r.AmbientOcclusionLevels:-1]]
[2022.02.05-22.14.25:736][  0]LogConfig: Setting CVar [[r.AmbientOcclusionRadiusScale:1.0]]
[2022.02.05-22.14.25:736][  0]LogConfig: Setting CVar [[r.DepthOfFieldQuality:2]]
[2022.02.05-22.14.25:736][  0]LogConfig: Setting CVar [[r.RenderTargetPoolMin:400]]
[2022.02.05-22.14.25:736][  0]LogConfig: Setting CVar [[r.LensFlareQuality:2]]
[2022.02.05-22.14.25:736][  0]LogConfig: Setting CVar [[r.SceneColorFringeQuality:1]]
[2022.02.05-22.14.25:736][  0]LogConfig: Setting CVar [[r.EyeAdaptationQuality:2]]
[2022.02.05-22.14.25:736][  0]LogConfig: Setting CVar [[r.BloomQuality:5]]
[2022.02.05-22.14.25:736][  0]LogConfig: Setting CVar [[r.FastBlurThreshold:100]]
[2022.02.05-22.14.25:736][  0]LogConfig: Setting CVar [[r.Upscale.Quality:3]]
[2022.02.05-22.14.25:736][  0]LogConfig: Setting CVar [[r.Tonemapper.GrainQuantization:1]]
[2022.02.05-22.14.25:736][  0]LogConfig: Setting CVar [[r.LightShaftQuality:1]]
[2022.02.05-22.14.25:736][  0]LogConfig: Setting CVar [[r.Filter.SizeScale:1]]
[2022.02.05-22.14.25:736][  0]LogConfig: Setting CVar [[r.Tonemapper.Quality:5]]
[2022.02.05-22.14.25:736][  0]LogConfig: Setting CVar [[r.DOF.Gather.AccumulatorQuality:1        ; higher gathering accumulator quality]]
[2022.02.05-22.14.25:736][  0]LogConfig: Setting CVar [[r.DOF.Gather.PostfilterMethod:1          ; Median3x3 postfilering method]]
[2022.02.05-22.14.25:736][  0]LogConfig: Setting CVar [[r.DOF.Gather.EnableBokehSettings:0       ; no bokeh simulation when gathering]]
[2022.02.05-22.14.25:736][  0]LogConfig: Setting CVar [[r.DOF.Gather.RingCount:4                 ; medium number of samples when gathering]]
[2022.02.05-22.14.25:736][  0]LogConfig: Setting CVar [[r.DOF.Scatter.ForegroundCompositing:1    ; additive foreground scattering]]
[2022.02.05-22.14.25:736][  0]LogConfig: Setting CVar [[r.DOF.Scatter.BackgroundCompositing:2    ; additive background scattering]]
[2022.02.05-22.14.25:736][  0]LogConfig: Setting CVar [[r.DOF.Scatter.EnableBokehSettings:1      ; bokeh simulation when scattering]]
[2022.02.05-22.14.25:736][  0]LogConfig: Setting CVar [[r.DOF.Scatter.MaxSpriteRatio:0.1         ; only a maximum of 10% of scattered bokeh]]
[2022.02.05-22.14.25:736][  0]LogConfig: Setting CVar [[r.DOF.Recombine.Quality:1                ; cheap slight out of focus]]
[2022.02.05-22.14.25:736][  0]LogConfig: Setting CVar [[r.DOF.Recombine.EnableBokehSettings:0    ; no bokeh simulation on slight out of focus]]
[2022.02.05-22.14.25:737][  0]LogConfig: Setting CVar [[r.DOF.TemporalAAQuality:1                ; more stable temporal accumulation]]
[2022.02.05-22.14.25:737][  0]LogConfig: Setting CVar [[r.DOF.Kernel.MaxForegroundRadius:0.025]]
[2022.02.05-22.14.25:737][  0]LogConfig: Setting CVar [[r.DOF.Kernel.MaxBackgroundRadius:0.025]]
[2022.02.05-22.14.25:737][  0]LogConfig: Applying CVar settings from Section [TextureQuality@3] File [../../../ShooterGameASD/Saved/Config/WindowsNoEditor/Scalability.ini]
[2022.02.05-22.14.25:737][  0]LogConfig: Setting CVar [[r.Streaming.MipBias:0]]
[2022.02.05-22.14.25:737][  0]LogConfig: Setting CVar [[r.Streaming.AmortizeCPUToGPUCopy:0]]
[2022.02.05-22.14.25:737][  0]LogConfig: Setting CVar [[r.Streaming.MaxNumTexturesToStreamPerFrame:0]]
[2022.02.05-22.14.25:737][  0]LogConfig: Setting CVar [[r.Streaming.Boost:1]]
[2022.02.05-22.14.25:737][  0]LogConfig: Setting CVar [[r.MaxAnisotropy:8]]
[2022.02.05-22.14.25:737][  0]LogConfig: Setting CVar [[r.VT.MaxAnisotropy:8]]
[2022.02.05-22.14.25:737][  0]LogConfig: Setting CVar [[r.Streaming.LimitPoolSizeToVRAM:0]]
[2022.02.05-22.14.25:737][  0]LogConfig: Setting CVar [[r.Streaming.PoolSize:1000]]
[2022.02.05-22.14.25:737][  0]LogConfig: Setting CVar [[r.Streaming.MaxEffectiveScreenSize:0]]
[2022.02.05-22.14.25:737][  0]LogConfig: Applying CVar settings from Section [EffectsQuality@3] File [../../../ShooterGameASD/Saved/Config/WindowsNoEditor/Scalability.ini]
[2022.02.05-22.14.25:737][  0]LogConfig: Setting CVar [[r.TranslucencyLightingVolumeDim:64]]
[2022.02.05-22.14.25:737][  0]LogConfig: Setting CVar [[r.RefractionQuality:2]]
[2022.02.05-22.14.25:737][  0]LogConfig: Setting CVar [[r.SSR.Quality:3]]
[2022.02.05-22.14.25:737][  0]LogConfig: Setting CVar [[r.SSR.HalfResSceneColor:0]]
[2022.02.05-22.14.25:737][  0]LogConfig: Setting CVar [[r.SceneColorFormat:4]]
[2022.02.05-22.14.25:737][  0]LogConfig: Setting CVar [[r.DetailMode:2]]
[2022.02.05-22.14.25:737][  0]LogConfig: Setting CVar [[r.TranslucencyVolumeBlur:1]]
[2022.02.05-22.14.25:737][  0]LogConfig: Setting CVar [[r.MaterialQualityLevel:1 ; High quality]]
[2022.02.05-22.14.25:737][  0]LogConfig: Setting CVar [[r.AnisotropicMaterials:1]]
[2022.02.05-22.14.25:737][  0]LogConfig: Setting CVar [[r.SSS.Scale:1]]
[2022.02.05-22.14.25:737][  0]LogConfig: Setting CVar [[r.SSS.SampleSet:2]]
[2022.02.05-22.14.25:737][  0]LogConfig: Setting CVar [[r.SSS.Quality:1]]
[2022.02.05-22.14.25:737][  0]LogConfig: Setting CVar [[r.SSS.HalfRes:0]]
[2022.02.05-22.14.25:737][  0]LogConfig: Setting CVar [[r.SSGI.Quality:3]]
[2022.02.05-22.14.25:737][  0]LogConfig: Setting CVar [[r.EmitterSpawnRateScale:1.0]]
[2022.02.05-22.14.25:737][  0]LogConfig: Setting CVar [[r.ParticleLightQuality:2]]
[2022.02.05-22.14.25:737][  0]LogConfig: Setting CVar [[r.SkyAtmosphere.AerialPerspectiveLUT.FastApplyOnOpaque:1 ; Always have FastSkyLUT 1 in this case to avoid wrong sky]]
[2022.02.05-22.14.25:737][  0]LogConfig: Setting CVar [[r.SkyAtmosphere.AerialPerspectiveLUT.SampleCountMaxPerSlice:4]]
[2022.02.05-22.14.25:737][  0]LogConfig: Setting CVar [[r.SkyAtmosphere.AerialPerspectiveLUT.DepthResolution:16.0]]
[2022.02.05-22.14.25:737][  0]LogConfig: Setting CVar [[r.SkyAtmosphere.FastSkyLUT:1]]
[2022.02.05-22.14.25:737][  0]LogConfig: Setting CVar [[r.SkyAtmosphere.FastSkyLUT.SampleCountMin:4.0]]
[2022.02.05-22.14.25:737][  0]LogConfig: Setting CVar [[r.SkyAtmosphere.FastSkyLUT.SampleCountMax:128.0]]
[2022.02.05-22.14.25:737][  0]LogConfig: Setting CVar [[r.SkyAtmosphere.SampleCountMin:4.0]]
[2022.02.05-22.14.25:737][  0]LogConfig: Setting CVar [[r.SkyAtmosphere.SampleCountMax:128.0]]
[2022.02.05-22.14.25:737][  0]LogConfig: Setting CVar [[r.SkyAtmosphere.TransmittanceLUT.UseSmallFormat:0]]
[2022.02.05-22.14.25:737][  0]LogConfig: Setting CVar [[r.SkyAtmosphere.TransmittanceLUT.SampleCount:10.0]]
[2022.02.05-22.14.25:737][  0]LogConfig: Setting CVar [[r.SkyAtmosphere.MultiScatteringLUT.SampleCount:15.0]]
[2022.02.05-22.14.25:737][  0]LogConfig: Setting CVar [[r.SkyLight.RealTimeReflectionCapture:1]]
[2022.02.05-22.14.25:737][  0]LogConfig: Setting CVar [[fx.Niagara.QualityLevel:3]]
[2022.02.05-22.14.25:737][  0]LogConfig: Applying CVar settings from Section [FoliageQuality@3] File [../../../ShooterGameASD/Saved/Config/WindowsNoEditor/Scalability.ini]
[2022.02.05-22.14.25:737][  0]LogConfig: Setting CVar [[foliage.DensityScale:1.0]]
[2022.02.05-22.14.25:737][  0]LogConfig: Setting CVar [[grass.DensityScale:1.0]]
[2022.02.05-22.14.25:737][  0]LogConfig: Applying CVar settings from Section [ShadingQuality@3] File [../../../ShooterGameASD/Saved/Config/WindowsNoEditor/Scalability.ini]
[2022.02.05-22.14.25:737][  0]LogConfig: Setting CVar [[r.HairStrands.SkyLighting.IntegrationType:2]]
[2022.02.05-22.14.25:737][  0]LogConfig: Setting CVar [[r.HairStrands.SkyAO.SampleCount:4]]
[2022.02.05-22.14.25:737][  0]LogConfig: Setting CVar [[r.HairStrands.Visibility.MSAA.SamplePerPixel:4]]
[2022.02.05-22.14.25:737][  0]LogInit: Selected Device Profile: [WindowsNoEditor]
[2022.02.05-22.14.25:737][  0]LogInit: Applying CVar settings loaded from the selected device profile: [WindowsNoEditor]
[2022.02.05-22.14.25:737][  0]LogHAL: Display: Platform has ~ 16 GB [17142054912 / 17179869184 / 16], which maps to Larger [LargestMinGB=32, LargerMinGB=12, DefaultMinGB=8, SmallerMinGB=6, SmallestMinGB=0)
[2022.02.05-22.14.25:737][  0]LogInit: Going up to parent DeviceProfile [Windows]
[2022.02.05-22.14.25:737][  0]LogInit: Going up to parent DeviceProfile []
[2022.02.05-22.14.25:737][  0]LogConfig: Applying CVar settings from Section [ViewDistanceQuality@3] File [../../../ShooterGameASD/Saved/Config/WindowsNoEditor/Scalability.ini]
[2022.02.05-22.14.25:737][  0]LogConfig: Setting CVar [[r.SkeletalMeshLODBias:0]]
[2022.02.05-22.14.25:738][  0]LogConfig: Setting CVar [[r.ViewDistanceScale:1.0]]
[2022.02.05-22.14.25:738][  0]LogConfig: Applying CVar settings from Section [AntiAliasingQuality@3] File [../../../ShooterGameASD/Saved/Config/WindowsNoEditor/Scalability.ini]
[2022.02.05-22.14.25:738][  0]LogConfig: Setting CVar [[r.PostProcessAAQuality:4]]
[2022.02.05-22.14.25:738][  0]LogConfig: Applying CVar settings from Section [ShadowQuality@3] File [../../../ShooterGameASD/Saved/Config/WindowsNoEditor/Scalability.ini]
[2022.02.05-22.14.25:738][  0]LogConfig: Setting CVar [[r.LightFunctionQuality:1]]
[2022.02.05-22.14.25:738][  0]LogConfig: Setting CVar [[r.ShadowQuality:5]]
[2022.02.05-22.14.25:738][  0]LogConfig: Setting CVar [[r.Shadow.CSM.MaxCascades:10]]
[2022.02.05-22.14.25:738][  0]LogConfig: Setting CVar [[r.Shadow.MaxResolution:2048]]
[2022.02.05-22.14.25:738][  0]LogConfig: Setting CVar [[r.Shadow.MaxCSMResolution:2048]]
[2022.02.05-22.14.25:738][  0]LogConfig: Setting CVar [[r.Shadow.RadiusThreshold:0.01]]
[2022.02.05-22.14.25:738][  0]LogConfig: Setting CVar [[r.Shadow.DistanceScale:1.0]]
[2022.02.05-22.14.25:738][  0]LogConfig: Setting CVar [[r.Shadow.CSM.TransitionScale:1.0]]
[2022.02.05-22.14.25:738][  0]LogConfig: Setting CVar [[r.Shadow.PreShadowResolutionFactor:1.0]]
[2022.02.05-22.14.25:738][  0]LogConfig: Setting CVar [[r.DistanceFieldShadowing:1]]
[2022.02.05-22.14.25:738][  0]LogConfig: Setting CVar [[r.DistanceFieldAO:1]]
[2022.02.05-22.14.25:738][  0]LogConfig: Setting CVar [[r.AOQuality:2]]
[2022.02.05-22.14.25:738][  0]LogConfig: Setting CVar [[r.VolumetricFog:1]]
[2022.02.05-22.14.25:738][  0]LogConfig: Setting CVar [[r.VolumetricFog.GridPixelSize:8]]
[2022.02.05-22.14.25:738][  0]LogConfig: Setting CVar [[r.VolumetricFog.GridSizeZ:128]]
[2022.02.05-22.14.25:738][  0]LogConfig: Setting CVar [[r.VolumetricFog.HistoryMissSupersampleCount:4]]
[2022.02.05-22.14.25:738][  0]LogConfig: Setting CVar [[r.LightMaxDrawDistanceScale:1]]
[2022.02.05-22.14.25:738][  0]LogConfig: Setting CVar [[r.CapsuleShadows:1]]
[2022.02.05-22.14.25:738][  0]LogConfig: Applying CVar settings from Section [PostProcessQuality@3] File [../../../ShooterGameASD/Saved/Config/WindowsNoEditor/Scalability.ini]
[2022.02.05-22.14.25:738][  0]LogConfig: Setting CVar [[r.MotionBlurQuality:4]]
[2022.02.05-22.14.25:738][  0]LogConfig: Setting CVar [[r.AmbientOcclusionMipLevelFactor:0.4]]
[2022.02.05-22.14.25:738][  0]LogConfig: Setting CVar [[r.AmbientOcclusionMaxQuality:100]]
[2022.02.05-22.14.25:738][  0]LogConfig: Setting CVar [[r.AmbientOcclusionLevels:-1]]
[2022.02.05-22.14.25:738][  0]LogConfig: Setting CVar [[r.AmbientOcclusionRadiusScale:1.0]]
[2022.02.05-22.14.25:738][  0]LogConfig: Setting CVar [[r.DepthOfFieldQuality:2]]
[2022.02.05-22.14.25:738][  0]LogConfig: Setting CVar [[r.RenderTargetPoolMin:400]]
[2022.02.05-22.14.25:738][  0]LogConfig: Setting CVar [[r.LensFlareQuality:2]]
[2022.02.05-22.14.25:738][  0]LogConfig: Setting CVar [[r.SceneColorFringeQuality:1]]
[2022.02.05-22.14.25:738][  0]LogConfig: Setting CVar [[r.EyeAdaptationQuality:2]]
[2022.02.05-22.14.25:738][  0]LogConfig: Setting CVar [[r.BloomQuality:5]]
[2022.02.05-22.14.25:738][  0]LogConfig: Setting CVar [[r.FastBlurThreshold:100]]
[2022.02.05-22.14.25:738][  0]LogConfig: Setting CVar [[r.Upscale.Quality:3]]
[2022.02.05-22.14.25:738][  0]LogConfig: Setting CVar [[r.Tonemapper.GrainQuantization:1]]
[2022.02.05-22.14.25:738][  0]LogConfig: Setting CVar [[r.LightShaftQuality:1]]
[2022.02.05-22.14.25:738][  0]LogConfig: Setting CVar [[r.Filter.SizeScale:1]]
[2022.02.05-22.14.25:738][  0]LogConfig: Setting CVar [[r.Tonemapper.Quality:5]]
[2022.02.05-22.14.25:738][  0]LogConfig: Setting CVar [[r.DOF.Gather.AccumulatorQuality:1        ; higher gathering accumulator quality]]
[2022.02.05-22.14.25:738][  0]LogConfig: Setting CVar [[r.DOF.Gather.PostfilterMethod:1          ; Median3x3 postfilering method]]
[2022.02.05-22.14.25:738][  0]LogConfig: Setting CVar [[r.DOF.Gather.EnableBokehSettings:0       ; no bokeh simulation when gathering]]
[2022.02.05-22.14.25:738][  0]LogConfig: Setting CVar [[r.DOF.Gather.RingCount:4                 ; medium number of samples when gathering]]
[2022.02.05-22.14.25:738][  0]LogConfig: Setting CVar [[r.DOF.Scatter.ForegroundCompositing:1    ; additive foreground scattering]]
[2022.02.05-22.14.25:738][  0]LogConfig: Setting CVar [[r.DOF.Scatter.BackgroundCompositing:2    ; additive background scattering]]
[2022.02.05-22.14.25:738][  0]LogConfig: Setting CVar [[r.DOF.Scatter.EnableBokehSettings:1      ; bokeh simulation when scattering]]
[2022.02.05-22.14.25:738][  0]LogConfig: Setting CVar [[r.DOF.Scatter.MaxSpriteRatio:0.1         ; only a maximum of 10% of scattered bokeh]]
[2022.02.05-22.14.25:738][  0]LogConfig: Setting CVar [[r.DOF.Recombine.Quality:1                ; cheap slight out of focus]]
[2022.02.05-22.14.25:738][  0]LogConfig: Setting CVar [[r.DOF.Recombine.EnableBokehSettings:0    ; no bokeh simulation on slight out of focus]]
[2022.02.05-22.14.25:738][  0]LogConfig: Setting CVar [[r.DOF.TemporalAAQuality:1                ; more stable temporal accumulation]]
[2022.02.05-22.14.25:738][  0]LogConfig: Setting CVar [[r.DOF.Kernel.MaxForegroundRadius:0.025]]
[2022.02.05-22.14.25:738][  0]LogConfig: Setting CVar [[r.DOF.Kernel.MaxBackgroundRadius:0.025]]
[2022.02.05-22.14.25:738][  0]LogConfig: Applying CVar settings from Section [TextureQuality@3] File [../../../ShooterGameASD/Saved/Config/WindowsNoEditor/Scalability.ini]
[2022.02.05-22.14.25:738][  0]LogConfig: Setting CVar [[r.Streaming.MipBias:0]]
[2022.02.05-22.14.25:738][  0]LogConfig: Setting CVar [[r.Streaming.AmortizeCPUToGPUCopy:0]]
[2022.02.05-22.14.25:738][  0]LogConfig: Setting CVar [[r.Streaming.MaxNumTexturesToStreamPerFrame:0]]
[2022.02.05-22.14.25:739][  0]LogConfig: Setting CVar [[r.Streaming.Boost:1]]
[2022.02.05-22.14.25:739][  0]LogConfig: Setting CVar [[r.MaxAnisotropy:8]]
[2022.02.05-22.14.25:739][  0]LogConfig: Setting CVar [[r.VT.MaxAnisotropy:8]]
[2022.02.05-22.14.25:739][  0]LogConfig: Setting CVar [[r.Streaming.LimitPoolSizeToVRAM:0]]
[2022.02.05-22.14.25:739][  0]LogConfig: Setting CVar [[r.Streaming.PoolSize:1000]]
[2022.02.05-22.14.25:739][  0]LogConfig: Setting CVar [[r.Streaming.MaxEffectiveScreenSize:0]]
[2022.02.05-22.14.25:739][  0]LogConfig: Applying CVar settings from Section [EffectsQuality@3] File [../../../ShooterGameASD/Saved/Config/WindowsNoEditor/Scalability.ini]
[2022.02.05-22.14.25:739][  0]LogConfig: Setting CVar [[r.TranslucencyLightingVolumeDim:64]]
[2022.02.05-22.14.25:739][  0]LogConfig: Setting CVar [[r.RefractionQuality:2]]
[2022.02.05-22.14.25:739][  0]LogConfig: Setting CVar [[r.SSR.Quality:3]]
[2022.02.05-22.14.25:739][  0]LogConfig: Setting CVar [[r.SSR.HalfResSceneColor:0]]
[2022.02.05-22.14.25:739][  0]LogConfig: Setting CVar [[r.SceneColorFormat:4]]
[2022.02.05-22.14.25:739][  0]LogConfig: Setting CVar [[r.DetailMode:2]]
[2022.02.05-22.14.25:739][  0]LogConfig: Setting CVar [[r.TranslucencyVolumeBlur:1]]
[2022.02.05-22.14.25:739][  0]LogConfig: Setting CVar [[r.MaterialQualityLevel:1 ; High quality]]
[2022.02.05-22.14.25:739][  0]LogConfig: Setting CVar [[r.AnisotropicMaterials:1]]
[2022.02.05-22.14.25:739][  0]LogConfig: Setting CVar [[r.SSS.Scale:1]]
[2022.02.05-22.14.25:739][  0]LogConfig: Setting CVar [[r.SSS.SampleSet:2]]
[2022.02.05-22.14.25:739][  0]LogConfig: Setting CVar [[r.SSS.Quality:1]]
[2022.02.05-22.14.25:739][  0]LogConfig: Setting CVar [[r.SSS.HalfRes:0]]
[2022.02.05-22.14.25:739][  0]LogConfig: Setting CVar [[r.SSGI.Quality:3]]
[2022.02.05-22.14.25:739][  0]LogConfig: Setting CVar [[r.EmitterSpawnRateScale:1.0]]
[2022.02.05-22.14.25:739][  0]LogConfig: Setting CVar [[r.ParticleLightQuality:2]]
[2022.02.05-22.14.25:739][  0]LogConfig: Setting CVar [[r.SkyAtmosphere.AerialPerspectiveLUT.FastApplyOnOpaque:1 ; Always have FastSkyLUT 1 in this case to avoid wrong sky]]
[2022.02.05-22.14.25:739][  0]LogConfig: Setting CVar [[r.SkyAtmosphere.AerialPerspectiveLUT.SampleCountMaxPerSlice:4]]
[2022.02.05-22.14.25:739][  0]LogConfig: Setting CVar [[r.SkyAtmosphere.AerialPerspectiveLUT.DepthResolution:16.0]]
[2022.02.05-22.14.25:739][  0]LogConfig: Setting CVar [[r.SkyAtmosphere.FastSkyLUT:1]]
[2022.02.05-22.14.25:739][  0]LogConfig: Setting CVar [[r.SkyAtmosphere.FastSkyLUT.SampleCountMin:4.0]]
[2022.02.05-22.14.25:739][  0]LogConfig: Setting CVar [[r.SkyAtmosphere.FastSkyLUT.SampleCountMax:128.0]]
[2022.02.05-22.14.25:739][  0]LogConfig: Setting CVar [[r.SkyAtmosphere.SampleCountMin:4.0]]
[2022.02.05-22.14.25:739][  0]LogConfig: Setting CVar [[r.SkyAtmosphere.SampleCountMax:128.0]]
[2022.02.05-22.14.25:739][  0]LogConfig: Setting CVar [[r.SkyAtmosphere.TransmittanceLUT.UseSmallFormat:0]]
[2022.02.05-22.14.25:739][  0]LogConfig: Setting CVar [[r.SkyAtmosphere.TransmittanceLUT.SampleCount:10.0]]
[2022.02.05-22.14.25:739][  0]LogConfig: Setting CVar [[r.SkyAtmosphere.MultiScatteringLUT.SampleCount:15.0]]
[2022.02.05-22.14.25:739][  0]LogConfig: Setting CVar [[r.SkyLight.RealTimeReflectionCapture:1]]
[2022.02.05-22.14.25:739][  0]LogConfig: Setting CVar [[fx.Niagara.QualityLevel:3]]
[2022.02.05-22.14.25:739][  0]LogConfig: Applying CVar settings from Section [FoliageQuality@3] File [../../../ShooterGameASD/Saved/Config/WindowsNoEditor/Scalability.ini]
[2022.02.05-22.14.25:739][  0]LogConfig: Setting CVar [[foliage.DensityScale:1.0]]
[2022.02.05-22.14.25:739][  0]LogConfig: Setting CVar [[grass.DensityScale:1.0]]
[2022.02.05-22.14.25:739][  0]LogConfig: Applying CVar settings from Section [ShadingQuality@3] File [../../../ShooterGameASD/Saved/Config/WindowsNoEditor/Scalability.ini]
[2022.02.05-22.14.25:739][  0]LogConfig: Setting CVar [[r.HairStrands.SkyLighting.IntegrationType:2]]
[2022.02.05-22.14.25:739][  0]LogConfig: Setting CVar [[r.HairStrands.SkyAO.SampleCount:4]]
[2022.02.05-22.14.25:739][  0]LogConfig: Setting CVar [[r.HairStrands.Visibility.MSAA.SamplePerPixel:4]]
[2022.02.05-22.14.25:739][  0]LogConfig: Applying CVar settings from Section [Startup] File [../../../Engine/Config/ConsoleVariables.ini]
[2022.02.05-22.14.25:739][  0]LogConfig: Setting CVar [[net.UseAdaptiveNetUpdateFrequency:0]]
[2022.02.05-22.14.25:739][  0]LogConfig: Setting CVar [[p.chaos.AllowCreatePhysxBodies:1]]
[2022.02.05-22.14.25:739][  0]LogConfig: Setting CVar [[fx.SkipVectorVMBackendOptimizations:1]]
[2022.02.05-22.14.25:739][  0]LogConfig: Applying CVar settings from Section [ConsoleVariables] File [../../../ShooterGameASD/Saved/Config/WindowsNoEditor/Engine.ini]
[2022.02.05-22.14.25:740][  0]LogInit: Computer: JENKINS
[2022.02.05-22.14.25:740][  0]LogInit: User: andre
[2022.02.05-22.14.25:740][  0]LogInit: CPU Page size=4096, Cores=4
[2022.02.05-22.14.25:740][  0]LogInit: High frequency timer resolution =10.000000 MHz
[2022.02.05-22.14.25:740][  0]LogMemory: Memory total: Physical=16.0GB (16GB approx)
[2022.02.05-22.14.25:740][  0]LogMemory: Platform Memory Stats for WindowsNoEditor
[2022.02.05-22.14.25:740][  0]LogMemory: Process Physical Memory: 88.51 MB used, 88.52 MB peak
[2022.02.05-22.14.25:740][  0]LogMemory: Process Virtual Memory: 91.19 MB used, 91.19 MB peak
[2022.02.05-22.14.25:740][  0]LogMemory: Physical Memory: 11979.53 MB used,  4368.41 MB free, 16347.94 MB total
[2022.02.05-22.14.25:740][  0]LogMemory: Virtual Memory: 134204144.00 MB used,  13580.75 MB free, 134217728.00 MB total
[2022.02.05-22.14.25:746][  0]LogWindows: WindowsPlatformFeatures enabled
[2022.02.05-22.14.25:977][  0]LogInit: Physics initialised using underlying interface: PhysX
[2022.02.05-22.14.25:977][  0]LogInit: Using OS detected language (en-US).
[2022.02.05-22.14.25:977][  0]LogInit: Using OS detected locale (en-US).
[2022.02.05-22.14.25:978][  0]LogTextLocalizationManager: No specific localization for 'en-US' exists, so the 'en' localization will be used.
[2022.02.05-22.14.26:014][  0]LogWindowsTextInputMethodSystem: Display: IME system deactivated.
[2022.02.05-22.14.26:043][  0]LogSlate: New Slate User Created.  User Index 0, Is Virtual User: 0
[2022.02.05-22.14.26:043][  0]LogSlate: Slate User Registered.  User Index 0, Is Virtual User: 0
[2022.02.05-22.14.26:104][  0]LogD3D11RHI: Loaded GFSDK_Aftermath_Lib.x64.dll
[2022.02.05-22.14.26:106][  0]LogD3D11RHI: D3D11 min allowed feature level: 11_0
[2022.02.05-22.14.26:106][  0]LogD3D11RHI: D3D11 max allowed feature level: 11_0
[2022.02.05-22.14.26:106][  0]LogD3D11RHI: D3D11 adapters:
[2022.02.05-22.14.26:246][  0]LogD3D11RHI:    0. 'NVIDIA GeForce GTX 1050 Ti' (Feature Level 11_0)
[2022.02.05-22.14.26:246][  0]LogD3D11RHI:       4018/0/8173 MB DedicatedVideo/DedicatedSystem/SharedSystem, Outputs:2, VendorId:0x10de
[2022.02.05-22.14.26:249][  0]LogD3D11RHI:    1. 'Microsoft Basic Render Driver' (Feature Level 11_0)
[2022.02.05-22.14.26:249][  0]LogD3D11RHI:       0/0/8173 MB DedicatedVideo/DedicatedSystem/SharedSystem, Outputs:0, VendorId:0x1414
[2022.02.05-22.14.26:249][  0]LogD3D11RHI: Chosen D3D11 Adapter:
[2022.02.05-22.14.26:249][  0]LogD3D11RHI:     Description : NVIDIA GeForce GTX 1050 Ti
[2022.02.05-22.14.26:250][  0]LogD3D11RHI:     VendorId    : 10de
[2022.02.05-22.14.26:250][  0]LogD3D11RHI:     DeviceId    : 1c82
[2022.02.05-22.14.26:250][  0]LogD3D11RHI:     SubSysId    : 62553842
[2022.02.05-22.14.26:250][  0]LogD3D11RHI:     Revision    : 00a1
[2022.02.05-22.14.26:250][  0]LogD3D11RHI:     DedicatedVideoMemory : 4213178368 bytes
[2022.02.05-22.14.26:250][  0]LogD3D11RHI:     DedicatedSystemMemory : 0 bytes
[2022.02.05-22.14.26:250][  0]LogD3D11RHI:     SharedSystemMemory : 8571027456 bytes
[2022.02.05-22.14.26:250][  0]LogD3D11RHI:     AdapterLuid : 0 52169
[2022.02.05-22.14.26:260][  0]LogD3D11RHI: Creating new Direct3DDevice
[2022.02.05-22.14.26:260][  0]LogD3D11RHI:     GPU DeviceId: 0x1c82 (for the marketing name, search the web for "GPU Device Id")
[2022.02.05-22.14.26:260][  0]LogWindows: EnumDisplayDevices:
[2022.02.05-22.14.26:260][  0]LogWindows:    0. 'NVIDIA GeForce GTX 1050 Ti' (P:1 D:1)
[2022.02.05-22.14.26:260][  0]LogWindows:    1. 'NVIDIA GeForce GTX 1050 Ti' (P:0 D:1)
[2022.02.05-22.14.26:261][  0]LogWindows:    2. 'NVIDIA GeForce GTX 1050 Ti' (P:0 D:0)
[2022.02.05-22.14.26:261][  0]LogWindows:    3. 'NVIDIA GeForce GTX 1050 Ti' (P:0 D:0)
[2022.02.05-22.14.26:261][  0]LogWindows: DebugString: FoundDriverCount:4 
[2022.02.05-22.14.26:261][  0]LogD3D11RHI:     Adapter Name: NVIDIA GeForce GTX 1050 Ti
[2022.02.05-22.14.26:261][  0]LogD3D11RHI:   Driver Version: 471.68 (internal:30.0.14.7168, unified:471.68)
[2022.02.05-22.14.26:261][  0]LogD3D11RHI:      Driver Date: 8-5-2021
[2022.02.05-22.14.26:261][  0]LogRHI: Texture pool is 2812 MB (70% of 4018 MB)
[2022.02.05-22.14.26:261][  0]LogD3D11RHI: Creating D3DDevice using adapter:
[2022.02.05-22.14.26:261][  0]LogD3D11RHI:     Description : NVIDIA GeForce GTX 1050 Ti
[2022.02.05-22.14.26:261][  0]LogD3D11RHI:     VendorId    : 10de
[2022.02.05-22.14.26:261][  0]LogD3D11RHI:     DeviceId    : 1c82
[2022.02.05-22.14.26:261][  0]LogD3D11RHI:     SubSysId    : 62553842
[2022.02.05-22.14.26:261][  0]LogD3D11RHI:     Revision    : 00a1
[2022.02.05-22.14.26:261][  0]LogD3D11RHI:     DedicatedVideoMemory : 4213178368 bytes
[2022.02.05-22.14.26:261][  0]LogD3D11RHI:     DedicatedSystemMemory : 0 bytes
[2022.02.05-22.14.26:261][  0]LogD3D11RHI:     SharedSystemMemory : 8571027456 bytes
[2022.02.05-22.14.26:261][  0]LogD3D11RHI:     AdapterLuid : 0 52169
[2022.02.05-22.14.26:356][  0]LogD3D11RHI: RHI has support for 64 bit atomics
[2022.02.05-22.14.26:356][  0]LogD3D11RHI: Async texture creation enabled
[2022.02.05-22.14.26:356][  0]LogD3D11RHI: Array index from any shader is supported
[2022.02.05-22.14.26:383][  0]LogD3D11RHI: GPU Timing Frequency: 1000.000000 (Debug: 2 2)
[2022.02.05-22.14.26:509][  0]LogRHI: GeForceNow SDK initialized: 1
[2022.02.05-22.14.26:510][  0]LogRendererCore: Ray tracing is disabled. Reason: r.RayTracing=0.
[2022.02.05-22.14.26:514][  0]LogShaderLibrary: Display: Using ../../../ShooterGameASD/Content/ShaderArchive-Global-PCD3D_SM5.ushaderbytecode for material shader code. Total 1951 unique shaders.
[2022.02.05-22.14.26:514][  0]LogShaderLibrary: Display: Cooked Context: Using Shared Shader Library Global
[2022.02.05-22.14.26:514][  0]LogShaderLibrary: Display: Logical shader library 'Global' has been created, components 1
[2022.02.05-22.14.26:515][  0]LogTemp: Warning: Clearing the OS Cache
[2022.02.05-22.14.26:515][  0]LogODSC: ODSC Thread active.
[2022.02.05-22.14.26:519][  0]LogPakFile: New pak file ../../../ShooterGameASD/Content/Paks/ShooterGameASD-WindowsNoEditor.pak added to pak precacher.
[2022.02.05-22.14.26:548][  0]LogSlate: Using FreeType 2.10.0
[2022.02.05-22.14.26:548][  0]LogSlate: SlateFontServices - WITH_FREETYPE: 1, WITH_HARFBUZZ: 1
[2022.02.05-22.14.26:594][  0]LogMoviePlayer: Initializing movie player
[2022.02.05-22.14.26:605][  0]LogShaderLibrary: Display: Using ../../../ShooterGameASD/Content/ShaderArchive-ShooterGameASD-PCD3D_SM5.ushaderbytecode for material shader code. Total 2879 unique shaders.
[2022.02.05-22.14.26:606][  0]LogShaderLibrary: Display: Cooked Context: Using Shared Shader Library ShooterGameASD
[2022.02.05-22.14.26:606][  0]LogShaderLibrary: Display: Logical shader library 'ShooterGameASD' has been created, components 1
[2022.02.05-22.14.26:606][  0]LogRHI: Display: Opened pipeline cache after state change and enqueued 0 of 0 tasks for precompile.
[2022.02.05-22.14.26:607][  0]LogShaderLibrary: Display: Using ../../../ShooterGameASD/Content/ShaderArchive-ShooterGameASD-PCD3D_SM5.ushaderbytecode for material shader code. Total 2879 unique shaders.
[2022.02.05-22.14.26:607][  0]LogShaderLibrary: Display: Cooked Context: Using Shared Shader Library ShooterGameASD
[2022.02.05-22.14.26:607][  0]LogRHI: Display: Opened pipeline cache after state change and enqueued 0 of 0 tasks for precompile.
[2022.02.05-22.14.26:607][  0]LogRHI: Display: Failed to open default shader pipeline cache for ShooterGameASD using shader platform 0.
[2022.02.05-22.14.26:607][  0]LogInit: Using OS detected language (en-US).
[2022.02.05-22.14.26:607][  0]LogInit: Using OS detected locale (en-US).
[2022.02.05-22.14.26:608][  0]LogTextLocalizationManager: No localization for 'en-US' exists, so 'en' will be used for the language.
[2022.02.05-22.14.26:608][  0]LogTextLocalizationManager: No localization for 'en-US' exists, so 'en' will be used for the locale.
[2022.02.05-22.14.26:608][  0]LogSlate: FontCache flush requested. Reason: Culture for localization was changed
[2022.02.05-22.14.26:608][  0]LogSlate: FontCache flush requested. Reason: Culture for localization was changed
[2022.02.05-22.14.26:610][  0]LogTextLocalizationManager: Compacting localization data took   1.36ms
[2022.02.05-22.14.26:610][  0]LogAssetRegistry: FAssetRegistry took 0.0015 seconds to start up
[2022.02.05-22.14.26:727][  0]LogStreaming: Display: FlushAsyncLoading: 1 QueuedPackages, 0 AsyncPackages
[2022.02.05-22.14.26:727][  0]LogPackageLocalizationCache: Processed 21 localized package path(s) for 1 prioritized culture(s) in 0.000095 seconds
[2022.02.05-22.14.26:735][  0]LogSerialization: Display: AllowBulkDataInIoStore: 'true'
[2022.02.05-22.14.26:735][  0]LogInit: Selected Device Profile: [WindowsNoEditor]
[2022.02.05-22.14.26:736][  0]LogInit: Active device profile: [000001AD77FF8F80][000001AD786FDB70 49] WindowsNoEditor
[2022.02.05-22.14.26:736][  0]LogInit: Profiles: [000001AD77FF8DE0][000001AD041F6DC0 49] Windows, [000001AD77FF8F80][000001AD786FDB70 49] WindowsNoEditor, 
[2022.02.05-22.14.26:764][  0]LogNetVersion: ShooterGameASD 1.0.0, NetCL: 17155196, EngineNetVer: 17, GameNetVer: 0 (Checksum: 832026908)
[2022.02.05-22.14.26:821][  0]LogAudioCaptureCore: Display: No Audio Capture implementations found. Audio input will be silent.
[2022.02.05-22.14.26:821][  0]LogAudioCaptureCore: Display: No Audio Capture implementations found. Audio input will be silent.
[2022.02.05-22.14.26:829][  0]LogStats: UGameplayTagsManager::InitializeManager -  0.002 s
[2022.02.05-22.14.26:897][  0]LogTemp: NiagaraShader requires data interface 'Class /Script/Niagara.NiagaraDataInterfaceCurve' and is serialized before Niagara module startup, attempting to load Niagara module.
[2022.02.05-22.14.26:898][  0]LogNiagaraDebuggerClient: Niagara Debugger Client Initialized | Session: 2EDA568941D9B3B3C70FF98BC6300D5B | Instance: 96C43CA3492BE34DED6028BBAE2BE28F (JENKINS-1252).
[2022.02.05-22.14.27:101][  0]LogGauntlet: Display: Gauntlet Initialized
[2022.02.05-22.14.27:114][  0]LogEOSSDK: Initializing EOSSDK Version:1.13.1-16972539
[2022.02.05-22.14.27:169][  0]LogOnline: Warning: OSS: EOSPlus failed to find the native OSS!
[2022.02.05-22.14.27:170][  0]LogAndroidPermission: UAndroidPermissionCallbackProxy::GetInstance
[2022.02.05-22.14.27:175][  0]LogUObjectArray: 17856 objects as part of root set at end of initial load.
[2022.02.05-22.14.27:175][  0]LogUObjectArray: 2 objects are not in the root set, but can never be destroyed because they are in the DisregardForGC set.
[2022.02.05-22.14.27:175][  0]LogUObjectAllocator: 4055640 out of 6900000 bytes used by permanent object pool.
[2022.02.05-22.14.27:175][  0]LogUObjectArray: CloseDisregardForGC: 17856/50000 objects in disregard for GC pool
[2022.02.05-22.14.27:176][  0]LogEngine: Initializing Engine...
[2022.02.05-22.14.27:275][  0]LogInit: Initializing FReadOnlyCVARCache
[2022.02.05-22.14.27:275][  0]LogAudio: Display: Initializing Audio Device Manager...
[2022.02.05-22.14.27:275][  0]LogAudio: Display: Loading Default Audio Settings Objects...
[2022.02.05-22.14.27:276][  0]LogAudio: Display: Audio Device Manager Initialized
[2022.02.05-22.14.27:276][  0]LogAudio: Display: Creating Audio Device:                 Id: 1, Scope: Shared, Realtime: True
[2022.02.05-22.14.27:276][  0]LogAudioMixer: Display: Audio Mixer Platform Settings:
[2022.02.05-22.14.27:276][  0]LogAudioMixer: Display: 	Sample Rate:						  48000
[2022.02.05-22.14.27:276][  0]LogAudioMixer: Display: 	Callback Buffer Frame Size Requested: 256
[2022.02.05-22.14.27:276][  0]LogAudioMixer: Display: 	Callback Buffer Frame Size To Use:	  256
[2022.02.05-22.14.27:276][  0]LogAudioMixer: Display: 	Number of buffers to queue:			  4
[2022.02.05-22.14.27:276][  0]LogAudioMixer: Display: 	Max Channels (voices):				  32
[2022.02.05-22.14.27:276][  0]LogAudioMixer: Display: 	Number of Async Source Workers:		  0
[2022.02.05-22.14.27:276][  0]LogAudio: Display: AudioDevice MaxSources: 32
[2022.02.05-22.14.27:277][  0]LogAudio: Display: Audio Spatialization Plugin: None (built-in).
[2022.02.05-22.14.27:277][  0]LogAudio: Display: Audio Reverb Plugin: None (built-in).
[2022.02.05-22.14.27:277][  0]LogAudio: Display: Audio Occlusion Plugin: None (built-in).
[2022.02.05-22.14.27:277][  0]LogAudioMixer: Display: Initializing audio mixer.
[2022.02.05-22.14.27:368][  0]LogAudioDebug: Display: Lib vorbis DLL was dynamically loaded.
[2022.02.05-22.14.27:376][  0]LogAudioMixer: Display: 0: FrontLeft
[2022.02.05-22.14.27:376][  0]LogAudioMixer: Display: 1: FrontRight
[2022.02.05-22.14.27:387][  0]LogAudioMixer: Display: Using Audio Device SONY TV (NVIDIA High Definition Audio)
[2022.02.05-22.14.27:387][  0]LogAudioMixer: Display: Initializing Sound Submixes...
[2022.02.05-22.14.27:389][  0]LogAudioMixer: Display: Creating Master Submix 'MasterSubmixDefault'
[2022.02.05-22.14.27:389][  0]LogAudioMixer: Display: Creating Master Submix 'MasterReverbSubmixDefault'
[2022.02.05-22.14.27:391][  0]LogAudioMixer: Display: Creating Master Submix 'MasterEQSubmixDefault'
[2022.02.05-22.14.27:391][  0]LogAudioEndpoints: Display: No endpoint implementation for Vibration Output found for this platform. Endpoint Submixes set to this type will not do anything.
[2022.02.05-22.14.27:391][  0]LogAudioMixer: FMixerPlatformXAudio2::StartAudioStream() called
[2022.02.05-22.14.27:391][  0]LogAudioMixer: Display: Output buffers initialized: Frames=256, Channels=2, Samples=512
[2022.02.05-22.14.27:393][  0]LogAudioMixer: Display: Starting AudioMixerPlatformInterface::RunInternal()
[2022.02.05-22.14.27:393][  0]LogAudioMixer: Display: FMixerPlatformXAudio2::SubmitBuffer() called for the first time
[2022.02.05-22.14.27:393][  0]LogInit: FAudioDevice initialized.
[2022.02.05-22.14.27:393][  0]LogNetVersion: Set ProjectVersion to 1.0.0.0. Version Checksum will be recalculated on next use.
[2022.02.05-22.14.27:393][  0]LogInit: Texture streaming: Enabled
[2022.02.05-22.14.27:412][  0]LogAudio: Display: Audio Device (ID: 1) registered with world 'Untitled'.
[2022.02.05-22.14.27:413][  0]LogSlate: Updating window title bar state: overlay mode, drag disabled, window buttons hidden, title bar hidden
[2022.02.05-22.14.27:414][  0]LogInit: Display: Game Engine Initialized.
[2022.02.05-22.14.27:414][  0]LogInit: Display: Starting Game.
[2022.02.05-22.14.27:414][  0]LogOnline: GotoState: NewState: MainMenu
[2022.02.05-22.14.27:478][  0]LogRHI: Display: ShaderPipelineCache: Paused Batching. 1
[2022.02.05-22.14.27:478][  0]LogPakFile: AllPaks IndexSizes: DirectoryHashSize=415668, PathHashSize=16, EntriesSize=77824, TotalSize=493508
[2022.02.05-22.14.27:478][  0]LogRHI: Display: ShaderPipelineCache: Resumed Batching. 0
[2022.02.05-22.14.27:478][  0]LogRHI: Display: ShaderPipelineCache: Batching Resumed.
[2022.02.05-22.14.27:478][  0]LogInit: Display: Engine is initialized. Leaving FEngineLoop::Init()
[2022.02.05-22.14.27:478][  0]LogLoad: (Engine Initialization) Total time: 3.26 seconds
[2022.02.05-22.14.28:271][  0]LogSteamShared: Warning: SteamAPI failed to initialize, conditions not met.
[2022.02.05-22.14.28:271][  0]LogSteamController: SteamController is not available
[2022.02.05-22.14.28:276][  0]LogContentStreaming: Texture pool size now 1000 MB
[2022.02.05-22.14.28:277][  0]LogSlate: InvalidateAllWidgets triggered.  All widgets were invalidated
[2022.02.05-22.14.28:277][  0]LogSlate: Slate font cache was flushed
[2022.02.05-22.14.28:279][  1]LogNet: Browse: /Game/Maps/ShooterEntry
[2022.02.05-22.14.28:279][  1]LogLoad: LoadMap: /Game/Maps/ShooterEntry
[2022.02.05-22.14.28:279][  1]LogWorld: BeginTearingDown for /Temp/Untitled_0
[2022.02.05-22.14.28:279][  1]LogWorld: UWorld::CleanupWorld for Untitled, bSessionEnded=true, bCleanupResources=true
[2022.02.05-22.14.28:279][  1]LogSlate: InvalidateAllWidgets triggered.  All widgets were invalidated
[2022.02.05-22.14.28:282][  1]LogAudio: Display: Audio Device unregistered from world 'None'.
[2022.02.05-22.14.28:285][  1]LogUObjectHash: Compacting FUObjectHashTables data took   0.97ms
[2022.02.05-22.14.28:289][  1]LogStreaming: Display: FlushAsyncLoading: 1 QueuedPackages, 0 AsyncPackages
[2022.02.05-22.14.28:291][  1]LogAudio: Display: Audio Device (ID: 1) registered with world 'ShooterEntry'.
[2022.02.05-22.14.28:292][  1]LogAIModule: Creating AISystem for world ShooterEntry
[2022.02.05-22.14.28:292][  1]LogLoad: Game class is 'ShooterGame_Menu'
[2022.02.05-22.14.28:295][  1]LogWorld: Bringing World /Game/Maps/ShooterEntry.ShooterEntry up for play (max tick rate 0) at 2022.02.05-19.14.28
[2022.02.05-22.14.28:295][  1]LogWorld: Bringing up level for play took: 0.002387
[2022.02.05-22.14.28:376][  1]LogVoiceEncode: Display: EncoderVersion: libopus unknown
[2022.02.05-22.14.28:376][  1]LogOnlineVoice: OSS: StopLocalVoiceProcessing(0) returned 0xFFFFFFFF
[2022.02.05-22.14.28:376][  1]LogOnlineVoice: OSS: Stopping networked voice for user: 0
[2022.02.05-22.14.28:377][  1]LogLoad: Took 0.097687 seconds to LoadMap(/Game/Maps/ShooterEntry)
[2022.02.05-22.14.28:379][  1]LogSlate: Took 0.000481 seconds to synchronously load lazily loaded font '../../../ShooterGameASD/Content/Slate/Fonts/Roboto-Black.ttf' (162K)
[2022.02.05-22.14.28:387][  1]LogViewport: Display: Viewport MouseCaptureMode Changed, CapturePermanently_IncludingInitialMouseDown -> NoCapture
[2022.02.05-22.14.28:391][  1]LogStreaming: Display: Suspending async loading (1)
[2022.02.05-22.14.28:418][  1]LogStreaming: Display: Resuming async loading (0)
[2022.02.05-22.14.28:479][  1]LogRenderer: Reallocating scene render targets to support 1536x864 Format 10 NumSamples 1 (Frame:1).
[2022.02.05-22.14.28:479][  1]LogSlate: Took 0.000622 seconds to synchronously load lazily loaded font '../../../Engine/Content/Slate/Fonts/Roboto-Regular.ttf' (155K)
[2022.02.05-22.14.41:746][684]LogOnline: Verbose: OSS: Listening for LAN beacon requests on 14001
[2022.02.05-22.14.41:746][684]LogOnlineVoice: OSS: StartLocalProcessing(0) returned 0xFFFFFFFF
[2022.02.05-22.14.41:746][684]LogOnlineVoice: OSS: Starting networked voice for user: 0
[2022.02.05-22.14.41:915][684]LogOnlineVoice: OSS: RegisterLocalTalker(0) returned 0x00000000
[2022.02.05-22.14.41:915][684]LogOnlineVoice: OSS: Invalid user specified in RegisterLocalTalker(1)
[2022.02.05-22.14.41:915][684]LogOnlineVoice: OSS: Invalid user specified in RegisterLocalTalker(2)
[2022.02.05-22.14.41:915][684]LogOnlineVoice: OSS: Invalid user specified in RegisterLocalTalker(3)
[2022.02.05-22.14.41:915][684]LogGameMode: ProcessServerTravel: /Game/Maps/Sanctuary?game=TDM?listen?bIsLanMatch?Bots=1
[2022.02.05-22.14.41:917][684]LogOnline: GotoState: NewState: Playing
[2022.02.05-22.14.41:919][685]LogEngine: Server switch level: /Game/Maps/Sanctuary?game=TDM?listen?bIsLanMatch?Bots=1
[2022.02.05-22.14.41:920][685]LogNet: Browse: /Game/Maps/Sanctuary?game=TDM?listen?bIsLanMatch?Bots=1
[2022.02.05-22.14.41:920][685]LogLoad: LoadMap: /Game/Maps/Sanctuary?game=TDM?listen?bIsLanMatch?Bots=1
[2022.02.05-22.14.41:920][685]LogWorld: BeginTearingDown for /Game/Maps/ShooterEntry
[2022.02.05-22.14.41:921][685]LogWorld: UWorld::CleanupWorld for ShooterEntry, bSessionEnded=true, bCleanupResources=true
[2022.02.05-22.14.41:927][685]LogAudio: Display: Audio Device unregistered from world 'None'.
[2022.02.05-22.14.41:929][685]LogUObjectHash: Compacting FUObjectHashTables data took   0.91ms
[2022.02.05-22.14.41:931][685]LogStreaming: Display: FlushAsyncLoading: 1 QueuedPackages, 0 AsyncPackages
[2022.02.05-22.14.42:072][685]LogStreaming: Display: /Game/Maps/Sanctuary is prestreaming /Game/Maps/Sanctuary_Audio
[2022.02.05-22.14.42:094][685]LogAudio: Display: Audio Device (ID: 1) registered with world 'Sanctuary'.
[2022.02.05-22.14.42:095][685]LogAIModule: Creating AISystem for world Sanctuary
[2022.02.05-22.14.42:096][685]LogLoad: Game class is 'ShooterGame_TeamDeathMatch'
[2022.02.05-22.14.42:096][685]LogOnline: OSS: Creating online subsystem instance for: Steam
[2022.02.05-22.14.42:096][685]LogOnline: Verbose: STEAM: Steam: Starting SteamWorks. Client [1] Server [0]
[2022.02.05-22.14.42:187][685]LogSteamShared: Warning: SteamAPI failed to initialize, conditions not met.
[2022.02.05-22.14.42:187][685]LogOnline: Warning: STEAM: Steamworks: SteamUtils() failed!
[2022.02.05-22.14.42:187][685]LogOnline: Warning: STEAM: Steamworks: SteamUser() failed!
[2022.02.05-22.14.42:187][685]LogOnline: Warning: STEAM: Steamworks: SteamFriends() failed!
[2022.02.05-22.14.42:187][685]LogOnline: Warning: STEAM: Steamworks: SteamRemoteStorage() failed!
[2022.02.05-22.14.42:187][685]LogOnline: Warning: STEAM: Steamworks: SteamUserStats() failed!
[2022.02.05-22.14.42:187][685]LogOnline: Warning: STEAM: Steamworks: SteamMatchmakingServers() failed!
[2022.02.05-22.14.42:187][685]LogOnline: Warning: STEAM: Steamworks: SteamApps() failed!
[2022.02.05-22.14.42:187][685]LogOnline: Warning: STEAM: Steamworks: SteamNetworking() failed!
[2022.02.05-22.14.42:187][685]LogOnline: Warning: STEAM: Steamworks: SteamMatchmaking() failed!
[2022.02.05-22.14.42:187][685]LogOnline: STEAM: [AppId: 0] Client API initialized 0
[2022.02.05-22.14.42:187][685]LogOnline: Display: STEAM: OnlineSubsystemSteam::Shutdown()
[2022.02.05-22.14.42:187][685]LogOnline: Warning: STEAM: Steam API failed to initialize!
[2022.02.05-22.14.42:187][685]LogOnline: Display: STEAM: OnlineSubsystemSteam::Shutdown()
[2022.02.05-22.14.42:188][685]LogNetCore: DDoS detection status: detection enabled: 0 analytics enabled: 0
[2022.02.05-22.14.42:188][685]LogInit: WinSock: Socket queue. Rx: 131072 (config 131072) Tx: 131072 (config 131072)
[2022.02.05-22.14.42:188][685]LogNet: Created socket for bind address: 0.0.0.0 on port 7777
[2022.02.05-22.14.42:188][685]PacketHandlerLog: Loaded PacketHandler component: Engine.EngineHandlerComponentFactory (StatelessConnectHandlerComponent)
[2022.02.05-22.14.42:188][685]LogNet: GameNetDriver IpNetDriver_2147482509 IpNetDriver listening on port 7777
[2022.02.05-22.14.42:197][685]LogWorld: Bringing World /Game/Maps/Sanctuary.Sanctuary up for play (max tick rate 0) at 2022.02.05-19.14.42
[2022.02.05-22.14.42:214][685]LogWorld: Bringing up level for play took: 0.024104
[2022.02.05-22.14.42:216][685]LogViewport: Display: Viewport MouseCaptureMode Changed, NoCapture -> CapturePermanently
[2022.02.05-22.14.42:217][685]LogOnlineVoice: OSS: StopLocalVoiceProcessing(0) returned 0x00000000
[2022.02.05-22.14.42:217][685]LogOnlineVoice: OSS: Stopping networked voice for user: 0
[2022.02.05-22.14.42:217][685]LogGameMode: Display: Match State Changed from EnteringMap to WaitingToStart
[2022.02.05-22.14.42:220][685]LogGameState: Match State Changed from EnteringMap to WaitingToStart
[2022.02.05-22.14.42:241][685]LogLoad: Took 0.321495 seconds to LoadMap(/Game/Maps/Sanctuary)
[2022.02.05-22.14.56:921][535]LogGameMode: Display: Match State Changed from WaitingToStart to InProgress
[2022.02.05-22.14.56:921][535]LogOnlineGame: Starting session GameSession on server
[2022.02.05-22.14.56:924][535]LogOnline: Display: AShooterPlayerController::OnQueryAchievementsComplete(bWasSuccessful = TRUE)
[2022.02.05-22.14.56:924][535]LogOnline: Fetched player stat data. Kills 0 Deaths 0 Matches 0
[2022.02.05-22.14.56:924][535]LogOnline: Started process to fetch stats for current user.
[2022.02.05-22.14.56:929][535]LogGameState: Match State Changed from WaitingToStart to InProgress
[2022.02.05-22.15.04:401][412]LogScript: Warning: UGameplayStatics::SpawnDecalAttached: NULL AttachComponent specified!
[2022.02.05-22.15.07:942][822]LogSlate: Took 0.000416 seconds to synchronously load lazily loaded font '../../../Engine/Content/EngineFonts/Faces/RobotoBold.ufont' (160K)
[2022.02.05-22.15.57:526][613]LogScript: Warning: UGameplayStatics::SpawnDecalAttached: NULL AttachComponent specified!
[2022.02.05-22.15.59:087][776]LogScript: Warning: UGameplayStatics::SpawnDecalAttached: NULL AttachComponent specified!
[2022.02.05-22.16.06:355][655]LogScript: Warning: UGameplayStatics::SpawnDecalAttached: NULL AttachComponent specified!
[2022.02.05-22.16.20:585][307]LogScript: Warning: UGameplayStatics::SpawnDecalAttached: NULL AttachComponent specified!
[2022.02.05-22.16.21:301][382]LogScript: Warning: UGameplayStatics::SpawnDecalAttached: NULL AttachComponent specified!
[2022.02.05-22.16.28:465][219]LogScript: Warning: UGameplayStatics::SpawnDecalAttached: NULL AttachComponent specified!
[2022.02.05-22.16.39:016][458]LogViewport: Display: Viewport MouseLockMode Changed, LockOnCapture -> DoNotLock
[2022.02.05-22.16.39:016][458]LogViewport: Display: Viewport HideCursorDuringCapture Changed, False -> True
[2022.02.05-22.16.39:016][458]LogViewport: Display: Viewport MouseCaptureMode Changed, CapturePermanently -> CaptureDuringMouseDown
[2022.02.05-22.16.39:654][534]LogViewport: Display: Viewport MouseLockMode Changed, DoNotLock -> LockOnCapture
[2022.02.05-22.16.39:654][534]LogViewport: Display: Viewport MouseCaptureMode Changed, CaptureDuringMouseDown -> CapturePermanently
[2022.02.05-22.16.40:158][594]LogViewport: Display: Viewport MouseLockMode Changed, LockOnCapture -> DoNotLock
[2022.02.05-22.16.40:158][594]LogViewport: Display: Viewport MouseCaptureMode Changed, CapturePermanently -> CaptureDuringMouseDown
[2022.02.05-22.16.44:805][166]LogWindowsDesktop: Alt-F4 pressed!
[2022.02.05-22.16.44:805][166]LogSlate: Request Window 'ShooterGameASD (64-bit DebugGame PCD3D_SM5) ' being destroyed
[2022.02.05-22.16.44:805][166]LogStreaming: Display: Suspending async loading (1)
[2022.02.05-22.16.44:820][166]LogStreaming: Display: Resuming async loading (0)
[2022.02.05-22.16.44:821][166]LogSlate: Window 'ShooterGameASD (64-bit DebugGame PCD3D_SM5) ' being destroyed
[2022.02.05-22.16.44:822][166]LogWindowsTextInputMethodSystem: Display: IME system deactivated.
[2022.02.05-22.16.44:831][166]LogSlate: Updating window title bar state: overlay mode, drag disabled, window buttons hidden, title bar hidden
[2022.02.05-22.16.44:831][166]LogEngine: All Windows Closed
[2022.02.05-22.16.44:831][166]LogWindows: FPlatformMisc::RequestExit(0)
[2022.02.05-22.16.44:831][166]LogWindows: FPlatformMisc::RequestExitWithStatus(0, 0)
[2022.02.05-22.16.44:831][166]LogCore: Engine exit requested (reason: Win RequestExit)
[2022.02.05-22.16.44:833][167]LogCore: Engine exit requested (reason: EngineExit() was called; note: exit was already requested)
[2022.02.05-22.16.44:833][167]LogInit: Display: PreExit Game.
[2022.02.05-22.16.44:840][167]LogWorld: BeginTearingDown for /Game/Maps/Sanctuary
[2022.02.05-22.16.44:840][167]LogNet: World NetDriver shutdown IpNetDriver_2147482509 [GameNetDriver]
[2022.02.05-22.16.44:840][167]LogNet: DestroyNamedNetDriver IpNetDriver_2147482509 [GameNetDriver]
[2022.02.05-22.16.44:841][167]LogExit: GameNetDriver IpNetDriver_2147482509 shut down
[2022.02.05-22.16.44:842][167]LogWorld: UWorld::CleanupWorld for Sanctuary, bSessionEnded=true, bCleanupResources=true
[2022.02.05-22.16.44:845][167]LogSlate: InvalidateAllWidgets triggered.  All widgets were invalidated
[2022.02.05-22.16.44:845][167]LogWorld: UWorld::CleanupWorld for Sanctuary_Audio, bSessionEnded=true, bCleanupResources=true
[2022.02.05-22.16.44:845][167]LogSlate: InvalidateAllWidgets triggered.  All widgets were invalidated
[2022.02.05-22.16.45:247][167]LogStreaming: Display: Suspending async loading (1)
[2022.02.05-22.16.45:251][167]LogStreaming: Display: Resuming async loading (0)
[2022.02.05-22.16.45:253][167]LogAudio: Display: Beginning Audio Device Manager Shutdown (Module: AudioMixerXAudio2)...
[2022.02.05-22.16.45:253][167]LogAudio: Display: Destroying 1 Remaining Audio Device(s)...
[2022.02.05-22.16.45:253][167]LogAudio: Display: Audio Device unregistered from world 'Sanctuary'.
[2022.02.05-22.16.45:262][167]LogAudioMixer: FMixerPlatformXAudio2::StopAudioStream() called
[2022.02.05-22.16.45:263][167]LogAudioMixer: FMixerPlatformXAudio2::StopAudioStream() called
[2022.02.05-22.16.45:266][167]LogAudio: Display: Audio Device Manager Shutdown
[2022.02.05-22.16.45:270][167]LogExit: Preparing to exit.
[2022.02.05-22.16.45:270][167]LogMoviePlayer: Shutting down movie player
[2022.02.05-22.16.45:274][167]LogSlate: Updating window title bar state: overlay mode, drag disabled, window buttons hidden, title bar hidden
[2022.02.05-22.16.45:292][167]LogDemo: Cleaned up 0 splitscreen connections with owner deletion
[2022.02.05-22.16.45:297][167]LogExit: Game engine shut down
[2022.02.05-22.16.45:354][167]LogExit: Object subsystem successfully closed.
[2022.02.05-22.16.45:364][167]LogModuleManager: Shutting down and abandoning module LocalFileNetworkReplayStreaming (362)
[2022.02.05-22.16.45:364][167]LogModuleManager: Shutting down and abandoning module Voice (360)
[2022.02.05-22.16.45:372][167]LogModuleManager: Shutting down and abandoning module AIModule (358)
[2022.02.05-22.16.45:372][167]LogModuleManager: Shutting down and abandoning module GameplayDebugger (357)
[2022.02.05-22.16.45:372][167]LogModuleManager: Shutting down and abandoning module NavigationSystem (355)
[2022.02.05-22.16.45:372][167]LogModuleManager: Shutting down and abandoning module AutomationController (352)
[2022.02.05-22.16.45:372][167]LogModuleManager: Shutting down and abandoning module AutomationWorker (350)
[2022.02.05-22.16.45:372][167]LogModuleManager: Shutting down and abandoning module WebMMediaFactory (348)
[2022.02.05-22.16.45:372][167]LogModuleManager: Shutting down and abandoning module WebMMedia (346)
[2022.02.05-22.16.45:372][167]LogModuleManager: Shutting down and abandoning module WmfMediaFactory (344)
[2022.02.05-22.16.45:372][167]LogModuleManager: Shutting down and abandoning module OpenExrWrapper (342)
[2022.02.05-22.16.45:372][167]LogModuleManager: Shutting down and abandoning module ImgMediaFactory (340)
[2022.02.05-22.16.45:372][167]LogModuleManager: Shutting down and abandoning module AvfMediaFactory (338)
[2022.02.05-22.16.45:372][167]LogModuleManager: Shutting down and abandoning module CharacterAI (336)
[2022.02.05-22.16.45:372][167]LogModuleManager: Shutting down and abandoning module PlanarCut (334)
[2022.02.05-22.16.45:372][167]LogModuleManager: Shutting down and abandoning module SessionServices (332)
[2022.02.05-22.16.45:372][167]LogModuleManager: Shutting down and abandoning module LiveCoding (330)
[2022.02.05-22.16.45:372][167]LogModuleManager: Shutting down and abandoning module LevelSequence (328)
[2022.02.05-22.16.45:372][167]LogModuleManager: Shutting down and abandoning module MovieSceneTracks (326)
[2022.02.05-22.16.45:372][167]LogModuleManager: Shutting down and abandoning module MovieScene (324)
[2022.02.05-22.16.45:372][167]LogModuleManager: Shutting down and abandoning module StreamingPauseRendering (322)
[2022.02.05-22.16.45:372][167]LogModuleManager: Shutting down and abandoning module AudioMixerXAudio2 (320)
[2022.02.05-22.16.45:372][167]LogModuleManager: Shutting down and abandoning module AudioMixerCore (319)
[2022.02.05-22.16.45:372][167]LogModuleManager: Shutting down and abandoning module ImageWriteQueue (316)
[2022.02.05-22.16.45:372][167]LogModuleManager: Shutting down and abandoning module ProfilerService (314)
[2022.02.05-22.16.45:454][167]LogModuleManager: Shutting down and abandoning module TaskGraph (312)
[2022.02.05-22.16.45:454][167]LogModuleManager: Shutting down and abandoning module MobilePatchingUtils (310)
[2022.02.05-22.16.45:454][167]LogModuleManager: Shutting down and abandoning module GooglePAD (308)
[2022.02.05-22.16.45:454][167]LogModuleManager: Shutting down and abandoning module CustomMeshComponent (306)
[2022.02.05-22.16.45:454][167]LogModuleManager: Shutting down and abandoning module CableComponent (304)
[2022.02.05-22.16.45:454][167]LogModuleManager: Shutting down and abandoning module AudioCapture (302)
[2022.02.05-22.16.45:454][167]LogModuleManager: Shutting down and abandoning module AudioCaptureRtAudio (301)
[2022.02.05-22.16.45:454][167]LogModuleManager: Shutting down and abandoning module AssetTags (298)
[2022.02.05-22.16.45:454][167]LogModuleManager: Shutting down and abandoning module ArchVisCharacter (296)
[2022.02.05-22.16.45:454][167]LogModuleManager: Shutting down and abandoning module AppleImageUtils (294)
[2022.02.05-22.16.45:454][167]LogModuleManager: Shutting down and abandoning module AndroidPermission (292)
[2022.02.05-22.16.45:454][167]LogModuleManager: Shutting down and abandoning module ActorLayerUtilities (290)
[2022.02.05-22.16.45:454][167]LogModuleManager: Shutting down and abandoning module DatabaseSupport (288)
[2022.02.05-22.16.45:454][167]LogModuleManager: Shutting down and abandoning module SQLiteSupport (286)
[2022.02.05-22.16.45:454][167]LogModuleManager: Shutting down and abandoning module MediaCompositing (284)
[2022.02.05-22.16.45:454][167]LogModuleManager: Shutting down and abandoning module ImgMedia (282)
[2022.02.05-22.16.45:454][167]LogModuleManager: Shutting down and abandoning module MagicLeapLightEstimation (280)
[2022.02.05-22.16.45:454][167]LogModuleManager: Shutting down and abandoning module MagicLeapHelperVulkan (278)
[2022.02.05-22.16.45:454][167]LogModuleManager: Shutting down and abandoning module MagicLeapHelperOpenGL (276)
[2022.02.05-22.16.45:454][167]LogModuleManager: Shutting down and abandoning module MagicLeapAudio (274)
[2022.02.05-22.16.45:454][167]LogModuleManager: Shutting down and abandoning module MagicLeapSharedWorld (272)
[2022.02.05-22.16.45:454][167]LogModuleManager: Shutting down and abandoning module OpenImageDenoise (270)
[2022.02.05-22.16.45:454][167]LogModuleManager: Shutting down and abandoning module MotoSynth (268)
[2022.02.05-22.16.45:454][167]LogModuleManager: Shutting down and abandoning module ChaosNiagara (266)
[2022.02.05-22.16.45:454][167]LogModuleManager: Shutting down and abandoning module ProceduralMeshComponent (264)
[2022.02.05-22.16.45:454][167]LogModuleManager: Shutting down and abandoning module GeometryCollectionTracks (262)
[2022.02.05-22.16.45:454][167]LogModuleManager: Shutting down and abandoning module EditableMesh (260)
[2022.02.05-22.16.45:454][167]LogModuleManager: Shutting down and abandoning module MeshConversion (258)
[2022.02.05-22.16.45:454][167]LogModuleManager: Shutting down and abandoning module DynamicMesh (256)
[2022.02.05-22.16.45:454][167]LogModuleManager: Shutting down and abandoning module GeometryAlgorithms (254)
[2022.02.05-22.16.45:454][167]LogModuleManager: Shutting down and abandoning module GeometricObjects (252)
[2022.02.05-22.16.45:454][167]LogModuleManager: Shutting down and abandoning module BackChannel (250)
[2022.02.05-22.16.45:454][167]LogModuleManager: Shutting down and abandoning module AutomationUtils (248)
[2022.02.05-22.16.45:454][167]LogModuleManager: Shutting down and abandoning module GeometryCacheTracks (246)
[2022.02.05-22.16.45:454][167]LogModuleManager: Shutting down and abandoning module GeometryCache (244)
[2022.02.05-22.16.45:454][167]LogModuleManager: Shutting down and abandoning module UObjectPlugin (242)
[2022.02.05-22.16.45:454][167]LogModuleManager: Shutting down and abandoning module OodleNetworkHandlerComponent (240)
[2022.02.05-22.16.45:454][167]LogModuleManager: Shutting down and abandoning module Reflex (238)
[2022.02.05-22.16.45:454][167]LogModuleManager: Shutting down and abandoning module TemplateSequence (236)
[2022.02.05-22.16.45:454][167]LogModuleManager: Shutting down and abandoning module Synthesis (234)
[2022.02.05-22.16.45:454][167]LogModuleManager: Shutting down and abandoning module SteamController (232)
[2022.02.05-22.16.45:454][167]LogModuleManager: Shutting down and abandoning module EOSVoiceChat (230)
[2022.02.05-22.16.45:454][167]LogModuleManager: Shutting down and abandoning module AESHandlerComponent (224)
[2022.02.05-22.16.45:454][167]LogModuleManager: Shutting down and abandoning module ShooterGame (222)
[2022.02.05-22.16.45:454][167]LogModuleManager: Shutting down and abandoning module SoundFields (220)
[2022.02.05-22.16.45:454][167]LogModuleManager: Shutting down and abandoning module RuntimePhysXCooking (218)
[2022.02.05-22.16.45:454][167]LogModuleManager: Shutting down and abandoning module LocationServicesBPLibrary (214)
[2022.02.05-22.16.45:454][167]LogModuleManager: Shutting down and abandoning module ActorSequence (212)
[2022.02.05-22.16.45:454][167]LogModuleManager: Shutting down and abandoning module UdpMessaging (210)
[2022.02.05-22.16.45:454][167]LogModuleManager: Shutting down and abandoning module TcpMessaging (208)
[2022.02.05-22.16.45:455][167]LogModuleManager: Shutting down and abandoning module SQLiteCore (206)
[2022.02.05-22.16.45:455][167]LogModuleManager: Shutting down and abandoning module ImgMediaEngine (204)
[2022.02.05-22.16.45:455][167]LogModuleManager: Shutting down and abandoning module MagicLeapHandMeshing (202)
[2022.02.05-22.16.45:455][167]LogModuleManager: Shutting down and abandoning module MagicLeapSecureStorage (200)
[2022.02.05-22.16.45:455][167]LogModuleManager: Shutting down and abandoning module MagicLeapPrivileges (198)
[2022.02.05-22.16.45:455][167]LogModuleManager: Shutting down and abandoning module MagicLeapPlanes (196)
[2022.02.05-22.16.45:455][167]LogModuleManager: Shutting down and abandoning module MagicLeapImageTracker (194)
[2022.02.05-22.16.45:455][167]LogModuleManager: Shutting down and abandoning module MagicLeapIdentity (192)
[2022.02.05-22.16.45:455][167]LogModuleManager: Shutting down and abandoning module MagicLeapHandTracking (190)
[2022.02.05-22.16.45:455][167]LogModuleManager: Shutting down and abandoning module MagicLeapEyeTracker (188)
[2022.02.05-22.16.45:455][167]LogModuleManager: Shutting down and abandoning module MagicLeapController (186)
[2022.02.05-22.16.45:455][167]LogSlate: Slate User Destroyed.  User Index 0, Is Virtual User: 0
[2022.02.05-22.16.45:455][167]LogModuleManager: Shutting down and abandoning module MagicLeapARPinImpl (184)
[2022.02.05-22.16.45:455][167]LogModuleManager: Shutting down and abandoning module MagicLeapAR (182)
[2022.02.05-22.16.45:455][167]LogModuleManager: Shutting down and abandoning module AugmentedReality (181)
[2022.02.05-22.16.45:455][167]LogModuleManager: Shutting down and abandoning module MagicLeapARPin (178)
[2022.02.05-22.16.45:455][167]LogModuleManager: Shutting down and abandoning module NiagaraAnimNotifies (176)
[2022.02.05-22.16.45:455][167]LogModuleManager: Shutting down and abandoning module NiagaraCore (174)
[2022.02.05-22.16.45:455][167]LogModuleManager: Shutting down and abandoning module FacialAnimation (172)
[2022.02.05-22.16.45:455][167]LogModuleManager: Shutting down and abandoning module SignificanceManager (170)
[2022.02.05-22.16.45:455][167]LogModuleManager: Shutting down and abandoning module AnimationSharing (168)
[2022.02.05-22.16.45:455][167]LogModuleManager: Shutting down and abandoning module LightPropagationVolumeRuntime (166)
[2022.02.05-22.16.45:455][167]LogModuleManager: Shutting down and abandoning module Paper2D (164)
[2022.02.05-22.16.45:455][167]LogModuleManager: Shutting down and abandoning module GameplayCameras (162)
[2022.02.05-22.16.45:455][167]LogModuleManager: Shutting down and abandoning module AudioSynesthesia (160)
[2022.02.05-22.16.45:455][167]LogModuleManager: Shutting down and abandoning module AudioSynesthesiaCore (158)
[2022.02.05-22.16.45:455][167]LogModuleManager: Shutting down and abandoning module Gauntlet (156)
[2022.02.05-22.16.45:455][167]LogGauntlet: Display: Gauntlet Shutdown
[2022.02.05-22.16.45:455][167]LogModuleManager: Shutting down and abandoning module ReplicationGraph (154)
[2022.02.05-22.16.45:455][167]LogModuleManager: Shutting down and abandoning module WindowsMoviePlayer (152)
[2022.02.05-22.16.45:456][167]LogModuleManager: Shutting down and abandoning module WebMMoviePlayer (150)
[2022.02.05-22.16.45:456][167]LogModuleManager: Shutting down and abandoning module ShooterGameLoadingScreen (148)
[2022.02.05-22.16.45:456][167]LogModuleManager: Shutting down and abandoning module NetworkReplayStreaming (146)
[2022.02.05-22.16.45:456][167]LogModuleManager: Shutting down and abandoning module PacketHandler (144)
[2022.02.05-22.16.45:456][167]LogModuleManager: Shutting down and abandoning module ClothingSystemRuntimeNv (142)
[2022.02.05-22.16.45:457][167]LogModuleManager: Shutting down and abandoning module MediaAssets (140)
[2022.02.05-22.16.45:457][167]LogModuleManager: Shutting down and abandoning module Overlay (138)
[2022.02.05-22.16.45:457][167]LogModuleManager: Shutting down and abandoning module FunctionalTesting (136)
[2022.02.05-22.16.45:457][167]LogModuleManager: Shutting down and abandoning module MessageLog (134)
[2022.02.05-22.16.45:457][167]LogModuleManager: Shutting down and abandoning module UMG (132)
[2022.02.05-22.16.45:457][167]LogModuleManager: Shutting down and abandoning module SlateReflector (130)
[2022.02.05-22.16.45:457][167]LogModuleManager: Shutting down and abandoning module Slate (128)
[2022.02.05-22.16.45:457][167]LogModuleManager: Shutting down and abandoning module SlateCore (126)
[2022.02.05-22.16.45:458][167]LogModuleManager: Shutting down and abandoning module MRMesh (124)
[2022.02.05-22.16.45:458][167]LogModuleManager: Shutting down and abandoning module HeadMountedDisplay (122)
[2022.02.05-22.16.45:458][167]LogModuleManager: Shutting down and abandoning module XAudio2 (120)
[2022.02.05-22.16.45:458][167]LogModuleManager: Shutting down and abandoning module Networking (118)
[2022.02.05-22.16.45:458][167]LogModuleManager: Shutting down and abandoning module Core (116)
[2022.02.05-22.16.45:458][167]LogModuleManager: Shutting down and abandoning module FieldSystemEngine (114)
[2022.02.05-22.16.45:458][167]LogModuleManager: Shutting down and abandoning module Niagara (112)
[2022.02.05-22.16.45:458][167]LogModuleManager: Shutting down and abandoning module SignalProcessing (111)
[2022.02.05-22.16.45:458][167]LogModuleManager: Shutting down and abandoning module Messaging (109)
[2022.02.05-22.16.45:458][167]LogModuleManager: Shutting down and abandoning module ImageWrapper (104)
[2022.02.05-22.16.45:458][167]LogModuleManager: Shutting down and abandoning module D3D11RHI (102)
[2022.02.05-22.16.45:458][167]LogModuleManager: Shutting down and abandoning module InputCore (100)
[2022.02.05-22.16.45:459][167]LogModuleManager: Shutting down and abandoning module Settings (98)
[2022.02.05-22.16.45:459][167]LogModuleManager: Shutting down and abandoning module PhysXCooking (96)
[2022.02.05-22.16.45:459][167]LogModuleManager: Shutting down and abandoning module Chaos (94)
[2022.02.05-22.16.45:459][167]LogModuleManager: Shutting down and abandoning module WindowsPlatformFeatures (92)
[2022.02.05-22.16.45:459][167]LogModuleManager: Shutting down and abandoning module GameplayMediaEncoder (91)
[2022.02.05-22.16.45:459][167]LogModuleManager: Shutting down and abandoning module AVEncoder (90)
[2022.02.05-22.16.45:459][167]LogModuleManager: Shutting down and abandoning module ExampleDeviceProfileSelector (86)
[2022.02.05-22.16.45:459][167]LogModuleManager: Shutting down and abandoning module ChunkDownloader (84)
[2022.02.05-22.16.45:459][167]LogModuleManager: Shutting down and abandoning module LauncherChunkInstaller (82)
[2022.02.05-22.16.45:459][167]LogModuleManager: Shutting down and abandoning module WmfMedia (80)
[2022.02.05-22.16.45:461][167]LogModuleManager: Shutting down and abandoning module Media (79)
[2022.02.05-22.16.45:461][167]LogModuleManager: Shutting down and abandoning module MediaInfo (78)
[2022.02.05-22.16.45:461][167]LogModuleManager: Shutting down and abandoning module ExrReaderGpu (74)
[2022.02.05-22.16.45:461][167]LogModuleManager: Shutting down and abandoning module MLSDK (72)
[2022.02.05-22.16.45:461][167]LogModuleManager: Shutting down and abandoning module MagicLeap (70)
[2022.02.05-22.16.45:461][167]LogModuleManager: Shutting down and abandoning module NiagaraVertexFactories (68)
[2022.02.05-22.16.45:461][167]LogModuleManager: Shutting down and abandoning module NiagaraShader (66)
[2022.02.05-22.16.45:461][167]LogModuleManager: Shutting down and abandoning module ChaosCloth (64)
[2022.02.05-22.16.45:461][167]LogModuleManager: Shutting down and abandoning module VariantManagerContent (62)
[2022.02.05-22.16.45:461][167]LogModuleManager: Shutting down and abandoning module DatasmithContent (60)
[2022.02.05-22.16.45:462][167]LogModuleManager: Shutting down and abandoning module PixWinPlugin (58)
[2022.02.05-22.16.45:462][167]LogModuleManager: Shutting down and abandoning module AISupportModule (56)
[2022.02.05-22.16.45:462][167]LogModuleManager: Shutting down and abandoning module EOSShared (54)
[2022.02.05-22.16.45:474][167]LogEOSSDK: FEOSSDKManager::Shutdown EOS_Shutdown Result=[EOS_Success]
[2022.02.05-22.16.45:474][167]LogModuleManager: Shutting down and abandoning module OnlineSubsystem (50)
[2022.02.05-22.16.45:475][167]LogOnline: Verbose: OSS: Unloading online subsystem: Steam
[2022.02.05-22.16.45:475][167]LogOnline: Verbose: OSS: Unloading online subsystem: NULL
[2022.02.05-22.16.45:475][167]LogOnline: Verbose: OSS: Unloading online subsystem: EOS
[2022.02.05-22.16.45:475][167]LogOnline: Verbose: OSS: Unloading online subsystem: EOSPlus
[2022.02.05-22.16.45:475][167]LogModuleManager: Shutting down and abandoning module SteamShared (44)
[2022.02.05-22.16.45:475][167]LogSteamShared: Freeing the Steam Loaded Modules...
[2022.02.05-22.16.45:475][167]LogModuleManager: Shutting down and abandoning module HTTP (41)
[2022.02.05-22.16.45:475][167]LogHttp: Display: cleaning up 0 outstanding Http requests.
[2022.02.05-22.16.45:497][167]LogModuleManager: Shutting down and abandoning module SSL (40)
[2022.02.05-22.16.45:497][167]LogModuleManager: Shutting down and abandoning module PythonScriptPluginPreload (36)
[2022.02.05-22.16.45:497][167]LogModuleManager: Shutting down and abandoning module OodleDataCompressionFormat (34)
[2022.02.05-22.16.45:497][167]LogModuleManager: Shutting down and abandoning module PlatformCryptoOpenSSL (32)
[2022.02.05-22.16.45:497][167]LogModuleManager: Shutting down and abandoning module PlatformCryptoTypes (30)
[2022.02.05-22.16.45:497][167]LogModuleManager: Shutting down and abandoning module RenderCore (28)
[2022.02.05-22.16.45:497][167]LogModuleManager: Shutting down and abandoning module Landscape (26)
[2022.02.05-22.16.45:497][167]LogModuleManager: Shutting down and abandoning module SlateRHIRenderer (24)
[2022.02.05-22.16.45:498][167]LogModuleManager: Shutting down and abandoning module AnimGraphRuntime (22)
[2022.02.05-22.16.45:498][167]LogModuleManager: Shutting down and abandoning module Renderer (20)
[2022.02.05-22.16.45:498][167]LogModuleManager: Shutting down and abandoning module Engine (18)
[2022.02.05-22.16.45:498][167]LogModuleManager: Shutting down and abandoning module CoreUObject (16)
[2022.02.05-22.16.45:498][167]LogModuleManager: Shutting down and abandoning module NetworkFile (14)
[2022.02.05-22.16.45:498][167]LogModuleManager: Shutting down and abandoning module CookedIterativeFile (12)
[2022.02.05-22.16.45:498][167]LogModuleManager: Shutting down and abandoning module StreamingFile (10)
[2022.02.05-22.16.45:498][167]LogModuleManager: Shutting down and abandoning module SandboxFile (8)
[2022.02.05-22.16.45:498][167]LogModuleManager: Shutting down and abandoning module PlatformCrypto (6)
[2022.02.05-22.16.45:498][167]LogModuleManager: Shutting down and abandoning module PakFile (4)
[2022.02.05-22.16.45:500][167]LogModuleManager: Shutting down and abandoning module RSA (3)
[2022.02.05-22.16.45:500][167]LogContentStreaming: Display: There are 1 unreleased StreamingManagers
[2022.02.05-22.16.45:505][167]LogD3D11RHI: Shutdown
[2022.02.05-22.16.45:505][167]LogD3D11RHI: CleanupD3DDevice
[2022.02.05-22.16.45:508][167]LogExit: Exiting.
[2022.02.05-22.16.45:519][167]Log file closed, 02/05/22 19:16:45
